{"/Users/ouss/Keurzen/apps/mobile/src/lib/queries/budget.ts": {"path":"/Users/ouss/Keurzen/apps/mobile/src/lib/queries/budget.ts","statementMap":{"0":{"start":{"line":13,"column":0},"end":{"line":13,"column":16}},"1":{"start":{"line":38,"column":0},"end":{"line":38,"column":16}},"2":{"start":{"line":69,"column":0},"end":{"line":69,"column":16}},"3":{"start":{"line":96,"column":0},"end":{"line":96,"column":16}},"4":{"start":{"line":1,"column":0},"end":{"line":1,"column":78}},"5":{"start":{"line":2,"column":0},"end":{"line":2,"column":46}},"6":{"start":{"line":4,"column":0},"end":{"line":4,"column":65}},"7":{"start":{"line":6,"column":0},"end":{"line":6,"column":26}},"8":{"start":{"line":8,"column":13},"end":{"line":11,"column":2}},"9":{"start":{"line":9,"column":32},"end":{"line":9,"column":64}},"10":{"start":{"line":10,"column":49},"end":{"line":10,"column":88}},"11":{"start":{"line":14,"column":31},"end":{"line":14,"column":50}},"12":{"start":{"line":15,"column":22},"end":{"line":15,"column":56}},"13":{"start":{"line":17,"column":2},"end":{"line":35,"column":5}},"14":{"start":{"line":20,"column":24},"end":{"line":20,"column":80}},"15":{"start":{"line":21,"column":22},"end":{"line":21,"column":76}},"16":{"start":{"line":23,"column":30},"end":{"line":29,"column":44}},"17":{"start":{"line":31,"column":6},"end":{"line":31,"column":48}},"18":{"start":{"line":31,"column":17},"end":{"line":31,"column":48}},"19":{"start":{"line":32,"column":6},"end":{"line":32,"column":45}},"20":{"start":{"line":39,"column":13},"end":{"line":39,"column":29}},"21":{"start":{"line":40,"column":31},"end":{"line":40,"column":50}},"22":{"start":{"line":41,"column":23},"end":{"line":41,"column":48}},"23":{"start":{"line":43,"column":2},"end":{"line":66,"column":5}},"24":{"start":{"line":45,"column":26},"end":{"line":45,"column":69}},"25":{"start":{"line":47,"column":30},"end":{"line":58,"column":17}},"26":{"start":{"line":60,"column":6},"end":{"line":60,"column":48}},"27":{"start":{"line":60,"column":17},"end":{"line":60,"column":48}},"28":{"start":{"line":61,"column":6},"end":{"line":61,"column":35}},"29":{"start":{"line":64,"column":6},"end":{"line":64,"column":95}},"30":{"start":{"line":70,"column":13},"end":{"line":70,"column":29}},"31":{"start":{"line":71,"column":31},"end":{"line":71,"column":50}},"32":{"start":{"line":72,"column":23},"end":{"line":72,"column":48}},"33":{"start":{"line":74,"column":2},"end":{"line":82,"column":5}},"34":{"start":{"line":76,"column":24},"end":{"line":76,"column":84}},"35":{"start":{"line":77,"column":6},"end":{"line":77,"column":48}},"36":{"start":{"line":77,"column":17},"end":{"line":77,"column":48}},"37":{"start":{"line":80,"column":6},"end":{"line":80,"column":95}},"38":{"start":{"line":97,"column":31},"end":{"line":97,"column":50}},"39":{"start":{"line":98,"column":34},"end":{"line":98,"column":58}},"40":{"start":{"line":99,"column":22},"end":{"line":99,"column":41}},"41":{"start":{"line":101,"column":21},"end":{"line":101,"column":67}},"42":{"start":{"line":101,"column":49},"end":{"line":101,"column":63}},"43":{"start":{"line":103,"column":42},"end":{"line":116,"column":4}},"44":{"start":{"line":104,"column":17},"end":{"line":106,"column":44}},"45":{"start":{"line":105,"column":21},"end":{"line":105,"column":49}},"46":{"start":{"line":106,"column":26},"end":{"line":106,"column":40}},"47":{"start":{"line":108,"column":4},"end":{"line":115,"column":6}},"48":{"start":{"line":118,"column":2},"end":{"line":118,"column":44}}},"fnMap":{"0":{"name":"(anonymous_1)","decl":{"start":{"line":9,"column":7},"end":{"line":9,"column":8}},"loc":{"start":{"line":9,"column":32},"end":{"line":9,"column":64}}},"1":{"name":"(anonymous_2)","decl":{"start":{"line":10,"column":9},"end":{"line":10,"column":10}},"loc":{"start":{"line":10,"column":49},"end":{"line":10,"column":88}}},"2":{"name":"useBudgetExpenses","decl":{"start":{"line":13,"column":16},"end":{"line":13,"column":33}},"loc":{"start":{"line":13,"column":48},"end":{"line":36,"column":1}}},"3":{"name":"(anonymous_4)","decl":{"start":{"line":19,"column":13},"end":{"line":19,"column":18}},"loc":{"start":{"line":19,"column":24},"end":{"line":33,"column":5}}},"4":{"name":"useCreateExpense","decl":{"start":{"line":38,"column":16},"end":{"line":38,"column":32}},"loc":{"start":{"line":38,"column":32},"end":{"line":67,"column":1}}},"5":{"name":"(anonymous_6)","decl":{"start":{"line":44,"column":16},"end":{"line":44,"column":21}},"loc":{"start":{"line":44,"column":58},"end":{"line":62,"column":5}}},"6":{"name":"(anonymous_7)","decl":{"start":{"line":63,"column":15},"end":{"line":63,"column":18}},"loc":{"start":{"line":63,"column":20},"end":{"line":65,"column":5}}},"7":{"name":"useDeleteExpense","decl":{"start":{"line":69,"column":16},"end":{"line":69,"column":32}},"loc":{"start":{"line":69,"column":32},"end":{"line":83,"column":1}}},"8":{"name":"(anonymous_9)","decl":{"start":{"line":75,"column":16},"end":{"line":75,"column":21}},"loc":{"start":{"line":75,"column":37},"end":{"line":78,"column":5}}},"9":{"name":"(anonymous_10)","decl":{"start":{"line":79,"column":15},"end":{"line":79,"column":18}},"loc":{"start":{"line":79,"column":20},"end":{"line":81,"column":5}}},"10":{"name":"useBudgetSummary","decl":{"start":{"line":96,"column":16},"end":{"line":96,"column":32}},"loc":{"start":{"line":96,"column":47},"end":{"line":119,"column":1}}},"11":{"name":"(anonymous_12)","decl":{"start":{"line":101,"column":37},"end":{"line":101,"column":38}},"loc":{"start":{"line":101,"column":49},"end":{"line":101,"column":63}}},"12":{"name":"(anonymous_13)","decl":{"start":{"line":103,"column":54},"end":{"line":103,"column":55}},"loc":{"start":{"line":103,"column":65},"end":{"line":116,"column":3}}},"13":{"name":"(anonymous_14)","decl":{"start":{"line":105,"column":14},"end":{"line":105,"column":15}},"loc":{"start":{"line":105,"column":21},"end":{"line":105,"column":49}}},"14":{"name":"(anonymous_15)","decl":{"start":{"line":106,"column":14},"end":{"line":106,"column":15}},"loc":{"start":{"line":106,"column":26},"end":{"line":106,"column":40}}}},"branchMap":{"0":{"loc":{"start":{"line":15,"column":22},"end":{"line":15,"column":56}},"type":"binary-expr","locations":[{"start":{"line":15,"column":22},"end":{"line":15,"column":27}},{"start":{"line":15,"column":31},"end":{"line":15,"column":56}}]},"1":{"loc":{"start":{"line":18,"column":31},"end":{"line":18,"column":57}},"type":"binary-expr","locations":[{"start":{"line":18,"column":31},"end":{"line":18,"column":51}},{"start":{"line":18,"column":55},"end":{"line":18,"column":57}}]},"2":{"loc":{"start":{"line":31,"column":6},"end":{"line":31,"column":48}},"type":"if","locations":[{"start":{"line":31,"column":6},"end":{"line":31,"column":48}}]},"3":{"loc":{"start":{"line":32,"column":14},"end":{"line":32,"column":44}},"type":"binary-expr","locations":[{"start":{"line":32,"column":14},"end":{"line":32,"column":38}},{"start":{"line":32,"column":42},"end":{"line":32,"column":44}}]},"4":{"loc":{"start":{"line":54,"column":16},"end":{"line":54,"column":35}},"type":"binary-expr","locations":[{"start":{"line":54,"column":16},"end":{"line":54,"column":27}},{"start":{"line":54,"column":31},"end":{"line":54,"column":35}}]},"5":{"loc":{"start":{"line":60,"column":6},"end":{"line":60,"column":48}},"type":"if","locations":[{"start":{"line":60,"column":6},"end":{"line":60,"column":48}}]},"6":{"loc":{"start":{"line":77,"column":6},"end":{"line":77,"column":48}},"type":"if","locations":[{"start":{"line":77,"column":6},"end":{"line":77,"column":48}}]},"7":{"loc":{"start":{"line":98,"column":16},"end":{"line":98,"column":29}},"type":"default-arg","locations":[{"start":{"line":98,"column":27},"end":{"line":98,"column":29}}]},"8":{"loc":{"start":{"line":110,"column":12},"end":{"line":110,"column":49}},"type":"binary-expr","locations":[{"start":{"line":110,"column":12},"end":{"line":110,"column":37}},{"start":{"line":110,"column":41},"end":{"line":110,"column":49}}]},"9":{"loc":{"start":{"line":111,"column":17},"end":{"line":111,"column":51}},"type":"binary-expr","locations":[{"start":{"line":111,"column":17},"end":{"line":111,"column":43}},{"start":{"line":111,"column":47},"end":{"line":111,"column":51}}]},"10":{"loc":{"start":{"line":114,"column":13},"end":{"line":114,"column":51}},"type":"cond-expr","locations":[{"start":{"line":114,"column":30},"end":{"line":114,"column":47}},{"start":{"line":114,"column":50},"end":{"line":114,"column":51}}]}},"s":{"0":0,"1":0,"2":0,"3":0,"4":0,"5":0,"6":0,"7":0,"8":0,"9":0,"10":0,"11":0,"12":0,"13":0,"14":0,"15":0,"16":0,"17":0,"18":0,"19":0,"20":0,"21":0,"22":0,"23":0,"24":0,"25":0,"26":0,"27":0,"28":0,"29":0,"30":0,"31":0,"32":0,"33":0,"34":0,"35":0,"36":0,"37":0,"38":0,"39":0,"40":0,"41":0,"42":0,"43":0,"44":0,"45":0,"46":0,"47":0,"48":0},"f":{"0":0,"1":0,"2":0,"3":0,"4":0,"5":0,"6":0,"7":0,"8":0,"9":0,"10":0,"11":0,"12":0,"13":0,"14":0},"b":{"0":[0,0],"1":[0,0],"2":[0],"3":[0,0],"4":[0,0],"5":[0],"6":[0],"7":[0],"8":[0,0],"9":[0,0],"10":[0,0]}}
,"/Users/ouss/Keurzen/apps/mobile/src/lib/queries/household.ts": {"path":"/Users/ouss/Keurzen/apps/mobile/src/lib/queries/household.ts","statementMap":{"0":{"start":{"line":22,"column":0},"end":{"line":22,"column":16}},"1":{"start":{"line":67,"column":0},"end":{"line":67,"column":16}},"2":{"start":{"line":90,"column":0},"end":{"line":90,"column":16}},"3":{"start":{"line":135,"column":0},"end":{"line":135,"column":16}},"4":{"start":{"line":183,"column":0},"end":{"line":183,"column":16}},"5":{"start":{"line":249,"column":0},"end":{"line":249,"column":16}},"6":{"start":{"line":271,"column":0},"end":{"line":271,"column":16}},"7":{"start":{"line":331,"column":0},"end":{"line":331,"column":16}},"8":{"start":{"line":372,"column":0},"end":{"line":372,"column":16}},"9":{"start":{"line":424,"column":0},"end":{"line":424,"column":16}},"10":{"start":{"line":440,"column":0},"end":{"line":440,"column":16}},"11":{"start":{"line":1,"column":0},"end":{"line":1,"column":78}},"12":{"start":{"line":2,"column":0},"end":{"line":2,"column":46}},"13":{"start":{"line":3,"column":0},"end":{"line":3,"column":55}},"14":{"start":{"line":4,"column":0},"end":{"line":4,"column":65}},"15":{"start":{"line":6,"column":0},"end":{"line":6,"column":48}},"16":{"start":{"line":10,"column":31},"end":{"line":10,"column":32}},"17":{"start":{"line":14,"column":13},"end":{"line":18,"column":2}},"18":{"start":{"line":15,"column":35},"end":{"line":15,"column":65}},"19":{"start":{"line":16,"column":36},"end":{"line":16,"column":82}},"20":{"start":{"line":17,"column":40},"end":{"line":17,"column":90}},"21":{"start":{"line":23,"column":19},"end":{"line":23,"column":33}},"22":{"start":{"line":24,"column":39},"end":{"line":24,"column":58}},"23":{"start":{"line":26,"column":2},"end":{"line":62,"column":5}},"24":{"start":{"line":30,"column":54},"end":{"line":36,"column":17}},"25":{"start":{"line":38,"column":6},"end":{"line":38,"column":49}},"26":{"start":{"line":38,"column":37},"end":{"line":38,"column":49}},"27":{"start":{"line":40,"column":41},"end":{"line":44,"column":17}},"28":{"start":{"line":46,"column":6},"end":{"line":46,"column":43}},"29":{"start":{"line":46,"column":31},"end":{"line":46,"column":43}},"30":{"start":{"line":48,"column":6},"end":{"line":48,"column":43}},"31":{"start":{"line":51,"column":32},"end":{"line":54,"column":41}},"32":{"start":{"line":56,"column":6},"end":{"line":56,"column":60}},"33":{"start":{"line":56,"column":19},"end":{"line":56,"column":60}},"34":{"start":{"line":58,"column":6},"end":{"line":58,"column":36}},"35":{"start":{"line":68,"column":2},"end":{"line":80,"column":5}},"36":{"start":{"line":71,"column":30},"end":{"line":74,"column":41}},"37":{"start":{"line":76,"column":6},"end":{"line":76,"column":48}},"38":{"start":{"line":76,"column":17},"end":{"line":76,"column":48}},"39":{"start":{"line":77,"column":6},"end":{"line":77,"column":47}},"40":{"start":{"line":91,"column":13},"end":{"line":91,"column":29}},"41":{"start":{"line":92,"column":19},"end":{"line":92,"column":33}},"42":{"start":{"line":93,"column":43},"end":{"line":93,"column":62}},"43":{"start":{"line":95,"column":2},"end":{"line":130,"column":5}},"44":{"start":{"line":97,"column":6},"end":{"line":97,"column":52}},"45":{"start":{"line":97,"column":17},"end":{"line":97,"column":52}},"46":{"start":{"line":98,"column":6},"end":{"line":98,"column":60}},"47":{"start":{"line":98,"column":29},"end":{"line":98,"column":60}},"48":{"start":{"line":101,"column":38},"end":{"line":104,"column":26}},"49":{"start":{"line":106,"column":6},"end":{"line":106,"column":62}},"50":{"start":{"line":106,"column":24},"end":{"line":106,"column":62}},"51":{"start":{"line":109,"column":37},"end":{"line":113,"column":31}},"52":{"start":{"line":115,"column":6},"end":{"line":115,"column":60}},"53":{"start":{"line":115,"column":23},"end":{"line":115,"column":60}},"54":{"start":{"line":118,"column":6},"end":{"line":118,"column":36}},"55":{"start":{"line":118,"column":29},"end":{"line":118,"column":36}},"56":{"start":{"line":121,"column":32},"end":{"line":124,"column":48}},"57":{"start":{"line":126,"column":6},"end":{"line":126,"column":60}},"58":{"start":{"line":126,"column":19},"end":{"line":126,"column":60}},"59":{"start":{"line":128,"column":6},"end":{"line":128,"column":85}},"60":{"start":{"line":136,"column":13},"end":{"line":136,"column":29}},"61":{"start":{"line":137,"column":19},"end":{"line":137,"column":33}},"62":{"start":{"line":138,"column":39},"end":{"line":138,"column":58}},"63":{"start":{"line":140,"column":2},"end":{"line":178,"column":5}},"64":{"start":{"line":143,"column":49},"end":{"line":147,"column":17}},"65":{"start":{"line":149,"column":6},"end":{"line":149,"column":50}},"66":{"start":{"line":149,"column":18},"end":{"line":149,"column":50}},"67":{"start":{"line":152,"column":20},"end":{"line":152,"column":42}},"68":{"start":{"line":153,"column":32},"end":{"line":158,"column":8}},"69":{"start":{"line":160,"column":6},"end":{"line":160,"column":50}},"70":{"start":{"line":160,"column":18},"end":{"line":160,"column":50}},"71":{"start":{"line":162,"column":6},"end":{"line":162,"column":43}},"72":{"start":{"line":165,"column":32},"end":{"line":168,"column":41}},"73":{"start":{"line":170,"column":6},"end":{"line":170,"column":60}},"74":{"start":{"line":170,"column":19},"end":{"line":170,"column":60}},"75":{"start":{"line":172,"column":6},"end":{"line":172,"column":36}},"76":{"start":{"line":175,"column":6},"end":{"line":175,"column":78}},"77":{"start":{"line":176,"column":6},"end":{"line":176,"column":78}},"78":{"start":{"line":184,"column":13},"end":{"line":184,"column":29}},"79":{"start":{"line":185,"column":19},"end":{"line":185,"column":33}},"80":{"start":{"line":186,"column":39},"end":{"line":186,"column":58}},"81":{"start":{"line":188,"column":2},"end":{"line":244,"column":5}},"82":{"start":{"line":192,"column":36},"end":{"line":193,"column":62}},"83":{"start":{"line":195,"column":24},"end":{"line":195,"column":41}},"84":{"start":{"line":196,"column":6},"end":{"line":196,"column":85}},"85":{"start":{"line":196,"column":31},"end":{"line":196,"column":85}},"86":{"start":{"line":199,"column":33},"end":{"line":204,"column":17}},"87":{"start":{"line":206,"column":6},"end":{"line":206,"column":73}},"88":{"start":{"line":206,"column":20},"end":{"line":206,"column":73}},"89":{"start":{"line":209,"column":39},"end":{"line":212,"column":41}},"90":{"start":{"line":214,"column":25},"end":{"line":214,"column":67}},"91":{"start":{"line":214,"column":59},"end":{"line":214,"column":66}},"92":{"start":{"line":216,"column":8},"end":{"line":217,"column":80}},"93":{"start":{"line":216,"column":40},"end":{"line":216,"column":63}},"94":{"start":{"line":219,"column":35},"end":{"line":224,"column":8}},"95":{"start":{"line":226,"column":6},"end":{"line":226,"column":56}},"96":{"start":{"line":226,"column":21},"end":{"line":226,"column":56}},"97":{"start":{"line":228,"column":6},"end":{"line":228,"column":43}},"98":{"start":{"line":231,"column":37},"end":{"line":234,"column":41}},"99":{"start":{"line":236,"column":6},"end":{"line":236,"column":70}},"100":{"start":{"line":236,"column":24},"end":{"line":236,"column":70}},"101":{"start":{"line":238,"column":6},"end":{"line":238,"column":36}},"102":{"start":{"line":241,"column":6},"end":{"line":241,"column":78}},"103":{"start":{"line":242,"column":6},"end":{"line":242,"column":78}},"104":{"start":{"line":250,"column":2},"end":{"line":264,"column":5}},"105":{"start":{"line":253,"column":30},"end":{"line":258,"column":50}},"106":{"start":{"line":260,"column":6},"end":{"line":260,"column":48}},"107":{"start":{"line":260,"column":17},"end":{"line":260,"column":48}},"108":{"start":{"line":261,"column":6},"end":{"line":261,"column":42}},"109":{"start":{"line":272,"column":13},"end":{"line":272,"column":29}},"110":{"start":{"line":273,"column":28},"end":{"line":273,"column":42}},"111":{"start":{"line":274,"column":31},"end":{"line":274,"column":50}},"112":{"start":{"line":276,"column":2},"end":{"line":328,"column":5}},"113":{"start":{"line":278,"column":24},"end":{"line":278,"column":34}},"114":{"start":{"line":279,"column":6},"end":{"line":279,"column":70}},"115":{"start":{"line":282,"column":52},"end":{"line":293,"column":17}},"116":{"start":{"line":295,"column":6},"end":{"line":295,"column":54}},"117":{"start":{"line":295,"column":20},"end":{"line":295,"column":54}},"118":{"start":{"line":300,"column":6},"end":{"line":302,"column":7}},"119":{"start":{"line":301,"column":8},"end":{"line":301,"column":71}},"120":{"start":{"line":304,"column":47},"end":{"line":309,"column":null}},"121":{"start":{"line":314,"column":22},"end":{"line":314,"column":76}},"122":{"start":{"line":315,"column":6},"end":{"line":315,"column":57}},"123":{"start":{"line":315,"column":26},"end":{"line":315,"column":57}},"124":{"start":{"line":316,"column":6},"end":{"line":319,"column":7}},"125":{"start":{"line":317,"column":26},"end":{"line":317,"column":130}},"126":{"start":{"line":317,"column":96},"end":{"line":317,"column":100}},"127":{"start":{"line":318,"column":8},"end":{"line":318,"column":61}},"128":{"start":{"line":321,"column":6},"end":{"line":321,"column":38}},"129":{"start":{"line":324,"column":6},"end":{"line":326,"column":9}},"130":{"start":{"line":332,"column":13},"end":{"line":332,"column":29}},"131":{"start":{"line":333,"column":19},"end":{"line":333,"column":33}},"132":{"start":{"line":334,"column":31},"end":{"line":334,"column":50}},"133":{"start":{"line":336,"column":2},"end":{"line":367,"column":5}},"134":{"start":{"line":344,"column":24},"end":{"line":344,"column":34}},"135":{"start":{"line":345,"column":6},"end":{"line":345,"column":70}},"136":{"start":{"line":347,"column":30},"end":{"line":357,"column":17}},"137":{"start":{"line":359,"column":6},"end":{"line":359,"column":48}},"138":{"start":{"line":359,"column":17},"end":{"line":359,"column":48}},"139":{"start":{"line":360,"column":6},"end":{"line":360,"column":32}},"140":{"start":{"line":363,"column":6},"end":{"line":365,"column":9}},"141":{"start":{"line":373,"column":13},"end":{"line":373,"column":29}},"142":{"start":{"line":374,"column":19},"end":{"line":374,"column":33}},"143":{"start":{"line":375,"column":39},"end":{"line":375,"column":58}},"144":{"start":{"line":377,"column":2},"end":{"line":409,"column":5}},"145":{"start":{"line":379,"column":30},"end":{"line":381,"column":8}},"146":{"start":{"line":383,"column":6},"end":{"line":383,"column":48}},"147":{"start":{"line":383,"column":17},"end":{"line":383,"column":48}},"148":{"start":{"line":385,"column":21},"end":{"line":385,"column":112}},"149":{"start":{"line":387,"column":6},"end":{"line":387,"column":62}},"150":{"start":{"line":387,"column":19},"end":{"line":387,"column":62}},"151":{"start":{"line":388,"column":6},"end":{"line":388,"column":54}},"152":{"start":{"line":388,"column":24},"end":{"line":388,"column":54}},"153":{"start":{"line":389,"column":6},"end":{"line":389,"column":66}},"154":{"start":{"line":389,"column":29},"end":{"line":389,"column":66}},"155":{"start":{"line":391,"column":24},"end":{"line":391,"column":53}},"156":{"start":{"line":392,"column":6},"end":{"line":392,"column":30}},"157":{"start":{"line":395,"column":32},"end":{"line":398,"column":41}},"158":{"start":{"line":400,"column":6},"end":{"line":400,"column":60}},"159":{"start":{"line":400,"column":19},"end":{"line":400,"column":60}},"160":{"start":{"line":402,"column":6},"end":{"line":402,"column":74}},"161":{"start":{"line":405,"column":6},"end":{"line":407,"column":7}},"162":{"start":{"line":406,"column":8},"end":{"line":406,"column":79}},"163":{"start":{"line":425,"column":2},"end":{"line":437,"column":5}},"164":{"start":{"line":428,"column":30},"end":{"line":430,"column":8}},"165":{"start":{"line":431,"column":6},"end":{"line":431,"column":48}},"166":{"start":{"line":431,"column":17},"end":{"line":431,"column":48}},"167":{"start":{"line":432,"column":6},"end":{"line":432,"column":35}},"168":{"start":{"line":441,"column":13},"end":{"line":441,"column":29}},"169":{"start":{"line":442,"column":31},"end":{"line":442,"column":50}},"170":{"start":{"line":444,"column":2},"end":{"line":456,"column":5}},"171":{"start":{"line":446,"column":24},"end":{"line":448,"column":8}},"172":{"start":{"line":449,"column":6},"end":{"line":449,"column":48}},"173":{"start":{"line":449,"column":17},"end":{"line":449,"column":48}},"174":{"start":{"line":452,"column":6},"end":{"line":454,"column":9}}},"fnMap":{"0":{"name":"(anonymous_0)","decl":{"start":{"line":15,"column":15},"end":{"line":15,"column":16}},"loc":{"start":{"line":15,"column":35},"end":{"line":15,"column":65}}},"1":{"name":"(anonymous_1)","decl":{"start":{"line":16,"column":11},"end":{"line":16,"column":12}},"loc":{"start":{"line":16,"column":36},"end":{"line":16,"column":82}}},"2":{"name":"(anonymous_2)","decl":{"start":{"line":17,"column":15},"end":{"line":17,"column":16}},"loc":{"start":{"line":17,"column":40},"end":{"line":17,"column":90}}},"3":{"name":"useMyHousehold","decl":{"start":{"line":22,"column":16},"end":{"line":22,"column":30}},"loc":{"start":{"line":22,"column":30},"end":{"line":63,"column":1}}},"4":{"name":"(anonymous_4)","decl":{"start":{"line":28,"column":13},"end":{"line":28,"column":18}},"loc":{"start":{"line":28,"column":24},"end":{"line":59,"column":5}}},"5":{"name":"useHouseholdMembers","decl":{"start":{"line":67,"column":16},"end":{"line":67,"column":35}},"loc":{"start":{"line":67,"column":56},"end":{"line":81,"column":1}}},"6":{"name":"(anonymous_6)","decl":{"start":{"line":70,"column":13},"end":{"line":70,"column":18}},"loc":{"start":{"line":70,"column":24},"end":{"line":78,"column":5}}},"7":{"name":"useUpdateMemberProfile","decl":{"start":{"line":90,"column":16},"end":{"line":90,"column":38}},"loc":{"start":{"line":90,"column":38},"end":{"line":131,"column":1}}},"8":{"name":"(anonymous_8)","decl":{"start":{"line":96,"column":16},"end":{"line":96,"column":21}},"loc":{"start":{"line":96,"column":72},"end":{"line":116,"column":5}}},"9":{"name":"(anonymous_9)","decl":{"start":{"line":117,"column":15},"end":{"line":117,"column":20}},"loc":{"start":{"line":117,"column":26},"end":{"line":129,"column":5}}},"10":{"name":"useCreateHousehold","decl":{"start":{"line":135,"column":16},"end":{"line":135,"column":34}},"loc":{"start":{"line":135,"column":34},"end":{"line":179,"column":1}}},"11":{"name":"(anonymous_11)","decl":{"start":{"line":141,"column":16},"end":{"line":141,"column":21}},"loc":{"start":{"line":141,"column":39},"end":{"line":173,"column":5}}},"12":{"name":"(anonymous_12)","decl":{"start":{"line":174,"column":15},"end":{"line":174,"column":16}},"loc":{"start":{"line":174,"column":29},"end":{"line":177,"column":5}}},"13":{"name":"useJoinHousehold","decl":{"start":{"line":183,"column":16},"end":{"line":183,"column":32}},"loc":{"start":{"line":183,"column":32},"end":{"line":245,"column":1}}},"14":{"name":"(anonymous_14)","decl":{"start":{"line":189,"column":16},"end":{"line":189,"column":21}},"loc":{"start":{"line":189,"column":39},"end":{"line":239,"column":5}}},"15":{"name":"(anonymous_15)","decl":{"start":{"line":214,"column":52},"end":{"line":214,"column":53}},"loc":{"start":{"line":214,"column":59},"end":{"line":214,"column":66}}},"16":{"name":"(anonymous_16)","decl":{"start":{"line":216,"column":33},"end":{"line":216,"column":34}},"loc":{"start":{"line":216,"column":40},"end":{"line":216,"column":63}}},"17":{"name":"(anonymous_17)","decl":{"start":{"line":240,"column":15},"end":{"line":240,"column":16}},"loc":{"start":{"line":240,"column":29},"end":{"line":243,"column":5}}},"18":{"name":"usePendingInvitations","decl":{"start":{"line":249,"column":16},"end":{"line":249,"column":37}},"loc":{"start":{"line":249,"column":58},"end":{"line":265,"column":1}}},"19":{"name":"(anonymous_19)","decl":{"start":{"line":252,"column":13},"end":{"line":252,"column":18}},"loc":{"start":{"line":252,"column":24},"end":{"line":262,"column":5}}},"20":{"name":"useSendEmailInvitation","decl":{"start":{"line":271,"column":16},"end":{"line":271,"column":38}},"loc":{"start":{"line":271,"column":38},"end":{"line":329,"column":1}}},"21":{"name":"(anonymous_21)","decl":{"start":{"line":277,"column":16},"end":{"line":277,"column":21}},"loc":{"start":{"line":277,"column":86},"end":{"line":322,"column":5}}},"22":{"name":"(anonymous_22)","decl":{"start":{"line":317,"column":90},"end":{"line":317,"column":93}},"loc":{"start":{"line":317,"column":96},"end":{"line":317,"column":100}}},"23":{"name":"(anonymous_23)","decl":{"start":{"line":323,"column":15},"end":{"line":323,"column":18}},"loc":{"start":{"line":323,"column":20},"end":{"line":327,"column":5}}},"24":{"name":"useCreateInvitation","decl":{"start":{"line":331,"column":16},"end":{"line":331,"column":35}},"loc":{"start":{"line":331,"column":35},"end":{"line":368,"column":1}}},"25":{"name":"(anonymous_25)","decl":{"start":{"line":337,"column":16},"end":{"line":337,"column":21}},"loc":{"start":{"line":343,"column":9},"end":{"line":361,"column":5}}},"26":{"name":"(anonymous_26)","decl":{"start":{"line":362,"column":15},"end":{"line":362,"column":18}},"loc":{"start":{"line":362,"column":20},"end":{"line":366,"column":5}}},"27":{"name":"useJoinByToken","decl":{"start":{"line":372,"column":16},"end":{"line":372,"column":30}},"loc":{"start":{"line":372,"column":30},"end":{"line":410,"column":1}}},"28":{"name":"(anonymous_28)","decl":{"start":{"line":378,"column":16},"end":{"line":378,"column":21}},"loc":{"start":{"line":378,"column":40},"end":{"line":403,"column":5}}},"29":{"name":"(anonymous_29)","decl":{"start":{"line":404,"column":15},"end":{"line":404,"column":18}},"loc":{"start":{"line":404,"column":20},"end":{"line":408,"column":5}}},"30":{"name":"useInvitePreview","decl":{"start":{"line":424,"column":16},"end":{"line":424,"column":32}},"loc":{"start":{"line":424,"column":53},"end":{"line":438,"column":1}}},"31":{"name":"(anonymous_31)","decl":{"start":{"line":427,"column":13},"end":{"line":427,"column":18}},"loc":{"start":{"line":427,"column":24},"end":{"line":433,"column":5}}},"32":{"name":"useRevokeInvitation","decl":{"start":{"line":440,"column":16},"end":{"line":440,"column":35}},"loc":{"start":{"line":440,"column":35},"end":{"line":457,"column":1}}},"33":{"name":"(anonymous_33)","decl":{"start":{"line":445,"column":16},"end":{"line":445,"column":21}},"loc":{"start":{"line":445,"column":47},"end":{"line":450,"column":5}}},"34":{"name":"(anonymous_34)","decl":{"start":{"line":451,"column":15},"end":{"line":451,"column":18}},"loc":{"start":{"line":451,"column":20},"end":{"line":455,"column":5}}}},"branchMap":{"0":{"loc":{"start":{"line":27,"column":40},"end":{"line":27,"column":54}},"type":"binary-expr","locations":[{"start":{"line":27,"column":40},"end":{"line":27,"column":48}},{"start":{"line":27,"column":52},"end":{"line":27,"column":54}}]},"1":{"loc":{"start":{"line":38,"column":6},"end":{"line":38,"column":49}},"type":"if","locations":[{"start":{"line":38,"column":6},"end":{"line":38,"column":49}}]},"2":{"loc":{"start":{"line":38,"column":10},"end":{"line":38,"column":35}},"type":"binary-expr","locations":[{"start":{"line":38,"column":10},"end":{"line":38,"column":21}},{"start":{"line":38,"column":25},"end":{"line":38,"column":35}}]},"3":{"loc":{"start":{"line":46,"column":6},"end":{"line":46,"column":43}},"type":"if","locations":[{"start":{"line":46,"column":6},"end":{"line":46,"column":43}}]},"4":{"loc":{"start":{"line":46,"column":10},"end":{"line":46,"column":29}},"type":"binary-expr","locations":[{"start":{"line":46,"column":10},"end":{"line":46,"column":15}},{"start":{"line":46,"column":19},"end":{"line":46,"column":29}}]},"5":{"loc":{"start":{"line":56,"column":6},"end":{"line":56,"column":60}},"type":"if","locations":[{"start":{"line":56,"column":6},"end":{"line":56,"column":60}}]},"6":{"loc":{"start":{"line":69,"column":36},"end":{"line":69,"column":53}},"type":"binary-expr","locations":[{"start":{"line":69,"column":36},"end":{"line":69,"column":47}},{"start":{"line":69,"column":51},"end":{"line":69,"column":53}}]},"7":{"loc":{"start":{"line":76,"column":6},"end":{"line":76,"column":48}},"type":"if","locations":[{"start":{"line":76,"column":6},"end":{"line":76,"column":48}}]},"8":{"loc":{"start":{"line":77,"column":14},"end":{"line":77,"column":46}},"type":"binary-expr","locations":[{"start":{"line":77,"column":14},"end":{"line":77,"column":40}},{"start":{"line":77,"column":44},"end":{"line":77,"column":46}}]},"9":{"loc":{"start":{"line":97,"column":6},"end":{"line":97,"column":52}},"type":"if","locations":[{"start":{"line":97,"column":6},"end":{"line":97,"column":52}}]},"10":{"loc":{"start":{"line":98,"column":6},"end":{"line":98,"column":60}},"type":"if","locations":[{"start":{"line":98,"column":6},"end":{"line":98,"column":60}}]},"11":{"loc":{"start":{"line":106,"column":6},"end":{"line":106,"column":62}},"type":"if","locations":[{"start":{"line":106,"column":6},"end":{"line":106,"column":62}}]},"12":{"loc":{"start":{"line":115,"column":6},"end":{"line":115,"column":60}},"type":"if","locations":[{"start":{"line":115,"column":6},"end":{"line":115,"column":60}}]},"13":{"loc":{"start":{"line":118,"column":6},"end":{"line":118,"column":36}},"type":"if","locations":[{"start":{"line":118,"column":6},"end":{"line":118,"column":36}}]},"14":{"loc":{"start":{"line":126,"column":6},"end":{"line":126,"column":60}},"type":"if","locations":[{"start":{"line":126,"column":6},"end":{"line":126,"column":60}}]},"15":{"loc":{"start":{"line":149,"column":6},"end":{"line":149,"column":50}},"type":"if","locations":[{"start":{"line":149,"column":6},"end":{"line":149,"column":50}}]},"16":{"loc":{"start":{"line":160,"column":6},"end":{"line":160,"column":50}},"type":"if","locations":[{"start":{"line":160,"column":6},"end":{"line":160,"column":50}}]},"17":{"loc":{"start":{"line":170,"column":6},"end":{"line":170,"column":60}},"type":"if","locations":[{"start":{"line":170,"column":6},"end":{"line":170,"column":60}}]},"18":{"loc":{"start":{"line":195,"column":24},"end":{"line":195,"column":41}},"type":"binary-expr","locations":[{"start":{"line":195,"column":24},"end":{"line":195,"column":33}},{"start":{"line":195,"column":37},"end":{"line":195,"column":41}}]},"19":{"loc":{"start":{"line":196,"column":6},"end":{"line":196,"column":85}},"type":"if","locations":[{"start":{"line":196,"column":6},"end":{"line":196,"column":85}}]},"20":{"loc":{"start":{"line":196,"column":10},"end":{"line":196,"column":29}},"type":"binary-expr","locations":[{"start":{"line":196,"column":10},"end":{"line":196,"column":15}},{"start":{"line":196,"column":19},"end":{"line":196,"column":29}}]},"21":{"loc":{"start":{"line":206,"column":6},"end":{"line":206,"column":73}},"type":"if","locations":[{"start":{"line":206,"column":6},"end":{"line":206,"column":73}}]},"22":{"loc":{"start":{"line":214,"column":26},"end":{"line":214,"column":46}},"type":"binary-expr","locations":[{"start":{"line":214,"column":26},"end":{"line":214,"column":40}},{"start":{"line":214,"column":44},"end":{"line":214,"column":46}}]},"23":{"loc":{"start":{"line":216,"column":8},"end":{"line":217,"column":80}},"type":"binary-expr","locations":[{"start":{"line":216,"column":8},"end":{"line":216,"column":64}},{"start":{"line":217,"column":8},"end":{"line":217,"column":80}}]},"24":{"loc":{"start":{"line":226,"column":6},"end":{"line":226,"column":56}},"type":"if","locations":[{"start":{"line":226,"column":6},"end":{"line":226,"column":56}}]},"25":{"loc":{"start":{"line":236,"column":6},"end":{"line":236,"column":70}},"type":"if","locations":[{"start":{"line":236,"column":6},"end":{"line":236,"column":70}}]},"26":{"loc":{"start":{"line":251,"column":40},"end":{"line":251,"column":57}},"type":"binary-expr","locations":[{"start":{"line":251,"column":40},"end":{"line":251,"column":51}},{"start":{"line":251,"column":55},"end":{"line":251,"column":57}}]},"27":{"loc":{"start":{"line":260,"column":6},"end":{"line":260,"column":48}},"type":"if","locations":[{"start":{"line":260,"column":6},"end":{"line":260,"column":48}}]},"28":{"loc":{"start":{"line":261,"column":14},"end":{"line":261,"column":41}},"type":"binary-expr","locations":[{"start":{"line":261,"column":14},"end":{"line":261,"column":35}},{"start":{"line":261,"column":39},"end":{"line":261,"column":41}}]},"29":{"loc":{"start":{"line":288,"column":22},"end":{"line":288,"column":39}},"type":"binary-expr","locations":[{"start":{"line":288,"column":22},"end":{"line":288,"column":31}},{"start":{"line":288,"column":35},"end":{"line":288,"column":39}}]},"30":{"loc":{"start":{"line":295,"column":6},"end":{"line":295,"column":54}},"type":"if","locations":[{"start":{"line":295,"column":6},"end":{"line":295,"column":54}}]},"31":{"loc":{"start":{"line":300,"column":6},"end":{"line":302,"column":7}},"type":"if","locations":[{"start":{"line":300,"column":6},"end":{"line":302,"column":7}}]},"32":{"loc":{"start":{"line":315,"column":6},"end":{"line":315,"column":57}},"type":"if","locations":[{"start":{"line":315,"column":6},"end":{"line":315,"column":57}}]},"33":{"loc":{"start":{"line":316,"column":6},"end":{"line":319,"column":7}},"type":"if","locations":[{"start":{"line":316,"column":6},"end":{"line":319,"column":7}}]},"34":{"loc":{"start":{"line":318,"column":24},"end":{"line":318,"column":59}},"type":"binary-expr","locations":[{"start":{"line":318,"column":24},"end":{"line":318,"column":40}},{"start":{"line":318,"column":44},"end":{"line":318,"column":59}}]},"35":{"loc":{"start":{"line":339,"column":6},"end":{"line":339,"column":22}},"type":"default-arg","locations":[{"start":{"line":339,"column":16},"end":{"line":339,"column":22}}]},"36":{"loc":{"start":{"line":352,"column":17},"end":{"line":352,"column":30}},"type":"binary-expr","locations":[{"start":{"line":352,"column":17},"end":{"line":352,"column":22}},{"start":{"line":352,"column":26},"end":{"line":352,"column":30}}]},"37":{"loc":{"start":{"line":359,"column":6},"end":{"line":359,"column":48}},"type":"if","locations":[{"start":{"line":359,"column":6},"end":{"line":359,"column":48}}]},"38":{"loc":{"start":{"line":383,"column":6},"end":{"line":383,"column":48}},"type":"if","locations":[{"start":{"line":383,"column":6},"end":{"line":383,"column":48}}]},"39":{"loc":{"start":{"line":387,"column":6},"end":{"line":387,"column":62}},"type":"if","locations":[{"start":{"line":387,"column":6},"end":{"line":387,"column":62}}]},"40":{"loc":{"start":{"line":388,"column":6},"end":{"line":388,"column":54}},"type":"if","locations":[{"start":{"line":388,"column":6},"end":{"line":388,"column":54}}]},"41":{"loc":{"start":{"line":389,"column":6},"end":{"line":389,"column":66}},"type":"if","locations":[{"start":{"line":389,"column":6},"end":{"line":389,"column":66}}]},"42":{"loc":{"start":{"line":400,"column":6},"end":{"line":400,"column":60}},"type":"if","locations":[{"start":{"line":400,"column":6},"end":{"line":400,"column":60}}]},"43":{"loc":{"start":{"line":402,"column":41},"end":{"line":402,"column":71}},"type":"binary-expr","locations":[{"start":{"line":402,"column":41},"end":{"line":402,"column":62}},{"start":{"line":402,"column":66},"end":{"line":402,"column":71}}]},"44":{"loc":{"start":{"line":405,"column":6},"end":{"line":407,"column":7}},"type":"if","locations":[{"start":{"line":405,"column":6},"end":{"line":407,"column":7}}]},"45":{"loc":{"start":{"line":431,"column":6},"end":{"line":431,"column":48}},"type":"if","locations":[{"start":{"line":431,"column":6},"end":{"line":431,"column":48}}]},"46":{"loc":{"start":{"line":449,"column":6},"end":{"line":449,"column":48}},"type":"if","locations":[{"start":{"line":449,"column":6},"end":{"line":449,"column":48}}]}},"s":{"0":0,"1":0,"2":0,"3":0,"4":0,"5":0,"6":0,"7":0,"8":0,"9":0,"10":0,"11":0,"12":0,"13":0,"14":0,"15":0,"16":0,"17":0,"18":0,"19":0,"20":0,"21":0,"22":0,"23":0,"24":0,"25":0,"26":0,"27":0,"28":0,"29":0,"30":0,"31":0,"32":0,"33":0,"34":0,"35":0,"36":0,"37":0,"38":0,"39":0,"40":0,"41":0,"42":0,"43":0,"44":0,"45":0,"46":0,"47":0,"48":0,"49":0,"50":0,"51":0,"52":0,"53":0,"54":0,"55":0,"56":0,"57":0,"58":0,"59":0,"60":0,"61":0,"62":0,"63":0,"64":0,"65":0,"66":0,"67":0,"68":0,"69":0,"70":0,"71":0,"72":0,"73":0,"74":0,"75":0,"76":0,"77":0,"78":0,"79":0,"80":0,"81":0,"82":0,"83":0,"84":0,"85":0,"86":0,"87":0,"88":0,"89":0,"90":0,"91":0,"92":0,"93":0,"94":0,"95":0,"96":0,"97":0,"98":0,"99":0,"100":0,"101":0,"102":0,"103":0,"104":0,"105":0,"106":0,"107":0,"108":0,"109":0,"110":0,"111":0,"112":0,"113":0,"114":0,"115":0,"116":0,"117":0,"118":0,"119":0,"120":0,"121":0,"122":0,"123":0,"124":0,"125":0,"126":0,"127":0,"128":0,"129":0,"130":0,"131":0,"132":0,"133":0,"134":0,"135":0,"136":0,"137":0,"138":0,"139":0,"140":0,"141":0,"142":0,"143":0,"144":0,"145":0,"146":0,"147":0,"148":0,"149":0,"150":0,"151":0,"152":0,"153":0,"154":0,"155":0,"156":0,"157":0,"158":0,"159":0,"160":0,"161":0,"162":0,"163":0,"164":0,"165":0,"166":0,"167":0,"168":0,"169":0,"170":0,"171":0,"172":0,"173":0,"174":0},"f":{"0":0,"1":0,"2":0,"3":0,"4":0,"5":0,"6":0,"7":0,"8":0,"9":0,"10":0,"11":0,"12":0,"13":0,"14":0,"15":0,"16":0,"17":0,"18":0,"19":0,"20":0,"21":0,"22":0,"23":0,"24":0,"25":0,"26":0,"27":0,"28":0,"29":0,"30":0,"31":0,"32":0,"33":0,"34":0},"b":{"0":[0,0],"1":[0],"2":[0,0],"3":[0],"4":[0,0],"5":[0],"6":[0,0],"7":[0],"8":[0,0],"9":[0],"10":[0],"11":[0],"12":[0],"13":[0],"14":[0],"15":[0],"16":[0],"17":[0],"18":[0,0],"19":[0],"20":[0,0],"21":[0],"22":[0,0],"23":[0,0],"24":[0],"25":[0],"26":[0,0],"27":[0],"28":[0,0],"29":[0,0],"30":[0],"31":[0],"32":[0],"33":[0],"34":[0,0],"35":[0],"36":[0,0],"37":[0],"38":[0],"39":[0],"40":[0],"41":[0],"42":[0],"43":[0,0],"44":[0],"45":[0],"46":[0]}}
,"/Users/ouss/Keurzen/apps/mobile/src/lib/queries/invitation-codes.ts": {"path":"/Users/ouss/Keurzen/apps/mobile/src/lib/queries/invitation-codes.ts","statementMap":{"0":{"start":{"line":29,"column":0},"end":{"line":29,"column":16}},"1":{"start":{"line":97,"column":0},"end":{"line":97,"column":16}},"2":{"start":{"line":143,"column":0},"end":{"line":143,"column":16}},"3":{"start":{"line":168,"column":0},"end":{"line":168,"column":16}},"4":{"start":{"line":1,"column":0},"end":{"line":1,"column":78}},"5":{"start":{"line":2,"column":0},"end":{"line":2,"column":76}},"6":{"start":{"line":3,"column":0},"end":{"line":3,"column":55}},"7":{"start":{"line":4,"column":0},"end":{"line":4,"column":65}},"8":{"start":{"line":6,"column":0},"end":{"line":6,"column":44}},"9":{"start":{"line":10,"column":13},"end":{"line":12,"column":2}},"10":{"start":{"line":11,"column":35},"end":{"line":11,"column":87}},"11":{"start":{"line":30,"column":22},"end":{"line":30,"column":38}},"12":{"start":{"line":31,"column":31},"end":{"line":31,"column":50}},"13":{"start":{"line":33,"column":2},"end":{"line":87,"column":5}},"14":{"start":{"line":35,"column":36},"end":{"line":35,"column":68}},"15":{"start":{"line":36,"column":6},"end":{"line":36,"column":69}},"16":{"start":{"line":36,"column":34},"end":{"line":36,"column":69}},"17":{"start":{"line":37,"column":6},"end":{"line":37,"column":72}},"18":{"start":{"line":37,"column":29},"end":{"line":37,"column":72}},"19":{"start":{"line":40,"column":25},"end":{"line":40,"column":46}},"20":{"start":{"line":41,"column":22},"end":{"line":41,"column":66}},"21":{"start":{"line":41,"column":39},"end":{"line":41,"column":57}},"22":{"start":{"line":43,"column":6},"end":{"line":78,"column":7}},"23":{"start":{"line":44,"column":20},"end":{"line":59,"column":null}},"24":{"start":{"line":61,"column":8},"end":{"line":61,"column":30}},"25":{"start":{"line":63,"column":25},"end":{"line":63,"column":41}},"26":{"start":{"line":64,"column":8},"end":{"line":66,"column":9}},"27":{"start":{"line":65,"column":10},"end":{"line":65,"column":67}},"28":{"start":{"line":67,"column":8},"end":{"line":69,"column":9}},"29":{"start":{"line":68,"column":10},"end":{"line":68,"column":59}},"30":{"start":{"line":71,"column":8},"end":{"line":71,"column":23}},"31":{"start":{"line":73,"column":8},"end":{"line":73,"column":30}},"32":{"start":{"line":74,"column":8},"end":{"line":76,"column":9}},"33":{"start":{"line":75,"column":10},"end":{"line":75,"column":64}},"34":{"start":{"line":77,"column":8},"end":{"line":77,"column":18}},"35":{"start":{"line":81,"column":6},"end":{"line":85,"column":7}},"36":{"start":{"line":82,"column":8},"end":{"line":84,"column":11}},"37":{"start":{"line":98,"column":22},"end":{"line":98,"column":38}},"38":{"start":{"line":99,"column":39},"end":{"line":99,"column":58}},"39":{"start":{"line":100,"column":15},"end":{"line":100,"column":42}},"40":{"start":{"line":100,"column":35},"end":{"line":100,"column":41}},"41":{"start":{"line":102,"column":2},"end":{"line":138,"column":5}},"42":{"start":{"line":104,"column":30},"end":{"line":106,"column":8}},"43":{"start":{"line":108,"column":6},"end":{"line":108,"column":48}},"44":{"start":{"line":108,"column":17},"end":{"line":108,"column":48}},"45":{"start":{"line":110,"column":21},"end":{"line":110,"column":72}},"46":{"start":{"line":112,"column":6},"end":{"line":114,"column":7}},"47":{"start":{"line":113,"column":8},"end":{"line":113,"column":38}},"48":{"start":{"line":116,"column":6},"end":{"line":116,"column":20}},"49":{"start":{"line":120,"column":6},"end":{"line":120,"column":37}},"50":{"start":{"line":123,"column":6},"end":{"line":136,"column":7}},"51":{"start":{"line":124,"column":34},"end":{"line":127,"column":50}},"52":{"start":{"line":129,"column":8},"end":{"line":131,"column":9}},"53":{"start":{"line":130,"column":10},"end":{"line":130,"column":37}},"54":{"start":{"line":133,"column":8},"end":{"line":135,"column":11}},"55":{"start":{"line":144,"column":22},"end":{"line":144,"column":38}},"56":{"start":{"line":145,"column":31},"end":{"line":145,"column":50}},"57":{"start":{"line":147,"column":2},"end":{"line":163,"column":5}},"58":{"start":{"line":149,"column":24},"end":{"line":152,"column":25}},"59":{"start":{"line":154,"column":6},"end":{"line":154,"column":48}},"60":{"start":{"line":154,"column":17},"end":{"line":154,"column":48}},"61":{"start":{"line":157,"column":6},"end":{"line":161,"column":7}},"62":{"start":{"line":158,"column":8},"end":{"line":160,"column":11}},"63":{"start":{"line":169,"column":2},"end":{"line":184,"column":5}},"64":{"start":{"line":172,"column":30},"end":{"line":177,"column":18}},"65":{"start":{"line":179,"column":6},"end":{"line":179,"column":29}},"66":{"start":{"line":179,"column":17},"end":{"line":179,"column":29}},"67":{"start":{"line":180,"column":6},"end":{"line":180,"column":38}}},"fnMap":{"0":{"name":"(anonymous_0)","decl":{"start":{"line":11,"column":10},"end":{"line":11,"column":11}},"loc":{"start":{"line":11,"column":35},"end":{"line":11,"column":87}}},"1":{"name":"useGenerateInviteCode","decl":{"start":{"line":29,"column":16},"end":{"line":29,"column":37}},"loc":{"start":{"line":29,"column":37},"end":{"line":88,"column":1}}},"2":{"name":"(anonymous_2)","decl":{"start":{"line":34,"column":16},"end":{"line":34,"column":21}},"loc":{"start":{"line":34,"column":95},"end":{"line":79,"column":5}}},"3":{"name":"(anonymous_3)","decl":{"start":{"line":41,"column":33},"end":{"line":41,"column":36}},"loc":{"start":{"line":41,"column":39},"end":{"line":41,"column":57}}},"4":{"name":"(anonymous_4)","decl":{"start":{"line":80,"column":15},"end":{"line":80,"column":18}},"loc":{"start":{"line":80,"column":20},"end":{"line":86,"column":5}}},"5":{"name":"useRedeemInviteCode","decl":{"start":{"line":97,"column":16},"end":{"line":97,"column":35}},"loc":{"start":{"line":97,"column":35},"end":{"line":139,"column":1}}},"6":{"name":"(anonymous_6)","decl":{"start":{"line":100,"column":28},"end":{"line":100,"column":29}},"loc":{"start":{"line":100,"column":35},"end":{"line":100,"column":41}}},"7":{"name":"(anonymous_7)","decl":{"start":{"line":103,"column":16},"end":{"line":103,"column":21}},"loc":{"start":{"line":103,"column":62},"end":{"line":117,"column":5}}},"8":{"name":"(anonymous_8)","decl":{"start":{"line":118,"column":15},"end":{"line":118,"column":20}},"loc":{"start":{"line":118,"column":32},"end":{"line":137,"column":5}}},"9":{"name":"useDeleteInviteCode","decl":{"start":{"line":143,"column":16},"end":{"line":143,"column":35}},"loc":{"start":{"line":143,"column":35},"end":{"line":164,"column":1}}},"10":{"name":"(anonymous_10)","decl":{"start":{"line":148,"column":16},"end":{"line":148,"column":21}},"loc":{"start":{"line":148,"column":41},"end":{"line":155,"column":5}}},"11":{"name":"(anonymous_11)","decl":{"start":{"line":156,"column":15},"end":{"line":156,"column":18}},"loc":{"start":{"line":156,"column":20},"end":{"line":162,"column":5}}},"12":{"name":"useRecentCodes","decl":{"start":{"line":168,"column":16},"end":{"line":168,"column":30}},"loc":{"start":{"line":168,"column":62},"end":{"line":185,"column":1}}},"13":{"name":"(anonymous_13)","decl":{"start":{"line":171,"column":13},"end":{"line":171,"column":18}},"loc":{"start":{"line":171,"column":24},"end":{"line":181,"column":5}}}},"branchMap":{"0":{"loc":{"start":{"line":36,"column":6},"end":{"line":36,"column":69}},"type":"if","locations":[{"start":{"line":36,"column":6},"end":{"line":36,"column":69}}]},"1":{"loc":{"start":{"line":37,"column":6},"end":{"line":37,"column":72}},"type":"if","locations":[{"start":{"line":37,"column":6},"end":{"line":37,"column":72}}]},"2":{"loc":{"start":{"line":64,"column":8},"end":{"line":66,"column":9}},"type":"if","locations":[{"start":{"line":64,"column":8},"end":{"line":66,"column":9}}]},"3":{"loc":{"start":{"line":64,"column":12},"end":{"line":64,"column":36}},"type":"binary-expr","locations":[{"start":{"line":64,"column":12},"end":{"line":64,"column":19}},{"start":{"line":64,"column":23},"end":{"line":64,"column":36}}]},"4":{"loc":{"start":{"line":65,"column":26},"end":{"line":65,"column":65}},"type":"binary-expr","locations":[{"start":{"line":65,"column":26},"end":{"line":65,"column":39}},{"start":{"line":65,"column":43},"end":{"line":65,"column":65}}]},"5":{"loc":{"start":{"line":67,"column":8},"end":{"line":69,"column":9}},"type":"if","locations":[{"start":{"line":67,"column":8},"end":{"line":69,"column":9}}]},"6":{"loc":{"start":{"line":74,"column":8},"end":{"line":76,"column":9}},"type":"if","locations":[{"start":{"line":74,"column":8},"end":{"line":76,"column":9}}]},"7":{"loc":{"start":{"line":74,"column":12},"end":{"line":74,"column":68}},"type":"binary-expr","locations":[{"start":{"line":74,"column":12},"end":{"line":74,"column":39}},{"start":{"line":74,"column":43},"end":{"line":74,"column":68}}]},"8":{"loc":{"start":{"line":81,"column":6},"end":{"line":85,"column":7}},"type":"if","locations":[{"start":{"line":81,"column":6},"end":{"line":85,"column":7}}]},"9":{"loc":{"start":{"line":108,"column":6},"end":{"line":108,"column":48}},"type":"if","locations":[{"start":{"line":108,"column":6},"end":{"line":108,"column":48}}]},"10":{"loc":{"start":{"line":112,"column":6},"end":{"line":114,"column":7}},"type":"if","locations":[{"start":{"line":112,"column":6},"end":{"line":114,"column":7}}]},"11":{"loc":{"start":{"line":123,"column":6},"end":{"line":136,"column":7}},"type":"if","locations":[{"start":{"line":123,"column":6},"end":{"line":136,"column":7}}]},"12":{"loc":{"start":{"line":129,"column":8},"end":{"line":131,"column":9}},"type":"if","locations":[{"start":{"line":129,"column":8},"end":{"line":131,"column":9}}]},"13":{"loc":{"start":{"line":154,"column":6},"end":{"line":154,"column":48}},"type":"if","locations":[{"start":{"line":154,"column":6},"end":{"line":154,"column":48}}]},"14":{"loc":{"start":{"line":157,"column":6},"end":{"line":161,"column":7}},"type":"if","locations":[{"start":{"line":157,"column":6},"end":{"line":161,"column":7}}]},"15":{"loc":{"start":{"line":170,"column":36},"end":{"line":170,"column":53}},"type":"binary-expr","locations":[{"start":{"line":170,"column":36},"end":{"line":170,"column":47}},{"start":{"line":170,"column":51},"end":{"line":170,"column":53}}]},"16":{"loc":{"start":{"line":179,"column":6},"end":{"line":179,"column":29}},"type":"if","locations":[{"start":{"line":179,"column":6},"end":{"line":179,"column":29}}]}},"s":{"0":0,"1":0,"2":0,"3":0,"4":0,"5":0,"6":0,"7":0,"8":0,"9":0,"10":0,"11":0,"12":0,"13":0,"14":0,"15":0,"16":0,"17":0,"18":0,"19":0,"20":0,"21":0,"22":0,"23":0,"24":0,"25":0,"26":0,"27":0,"28":0,"29":0,"30":0,"31":0,"32":0,"33":0,"34":0,"35":0,"36":0,"37":0,"38":0,"39":0,"40":0,"41":0,"42":0,"43":0,"44":0,"45":0,"46":0,"47":0,"48":0,"49":0,"50":0,"51":0,"52":0,"53":0,"54":0,"55":0,"56":0,"57":0,"58":0,"59":0,"60":0,"61":0,"62":0,"63":0,"64":0,"65":0,"66":0,"67":0},"f":{"0":0,"1":0,"2":0,"3":0,"4":0,"5":0,"6":0,"7":0,"8":0,"9":0,"10":0,"11":0,"12":0,"13":0},"b":{"0":[0],"1":[0],"2":[0],"3":[0,0],"4":[0,0],"5":[0],"6":[0],"7":[0,0],"8":[0],"9":[0],"10":[0],"11":[0],"12":[0],"13":[0],"14":[0],"15":[0,0],"16":[0]}}
,"/Users/ouss/Keurzen/apps/mobile/src/lib/queries/lists.ts": {"path":"/Users/ouss/Keurzen/apps/mobile/src/lib/queries/lists.ts","statementMap":{"0":{"start":{"line":35,"column":0},"end":{"line":35,"column":16}},"1":{"start":{"line":48,"column":0},"end":{"line":48,"column":16}},"2":{"start":{"line":88,"column":0},"end":{"line":88,"column":16}},"3":{"start":{"line":104,"column":0},"end":{"line":104,"column":16}},"4":{"start":{"line":134,"column":0},"end":{"line":134,"column":16}},"5":{"start":{"line":164,"column":0},"end":{"line":164,"column":16}},"6":{"start":{"line":175,"column":0},"end":{"line":175,"column":16}},"7":{"start":{"line":213,"column":0},"end":{"line":213,"column":16}},"8":{"start":{"line":255,"column":0},"end":{"line":255,"column":16}},"9":{"start":{"line":285,"column":0},"end":{"line":285,"column":16}},"10":{"start":{"line":1,"column":0},"end":{"line":1,"column":78}},"11":{"start":{"line":2,"column":0},"end":{"line":2,"column":46}},"12":{"start":{"line":3,"column":0},"end":{"line":3,"column":65}},"13":{"start":{"line":4,"column":0},"end":{"line":4,"column":55}},"14":{"start":{"line":14,"column":13},"end":{"line":19,"column":2}},"15":{"start":{"line":16,"column":40},"end":{"line":16,"column":71}},"16":{"start":{"line":17,"column":24},"end":{"line":17,"column":56}},"17":{"start":{"line":18,"column":29},"end":{"line":18,"column":64}},"18":{"start":{"line":24,"column":26},"end":{"line":29,"column":46}},"19":{"start":{"line":31,"column":2},"end":{"line":31,"column":44}},"20":{"start":{"line":31,"column":13},"end":{"line":31,"column":44}},"21":{"start":{"line":32,"column":2},"end":{"line":32,"column":38}},"22":{"start":{"line":36,"column":31},"end":{"line":36,"column":50}},"23":{"start":{"line":38,"column":2},"end":{"line":43,"column":5}},"24":{"start":{"line":40,"column":19},"end":{"line":40,"column":51}},"25":{"start":{"line":49,"column":2},"end":{"line":61,"column":5}},"26":{"start":{"line":52,"column":30},"end":{"line":56,"column":17}},"27":{"start":{"line":57,"column":6},"end":{"line":57,"column":48}},"28":{"start":{"line":57,"column":17},"end":{"line":57,"column":48}},"29":{"start":{"line":58,"column":6},"end":{"line":58,"column":32}},"30":{"start":{"line":71,"column":26},"end":{"line":82,"column":13}},"31":{"start":{"line":84,"column":2},"end":{"line":84,"column":44}},"32":{"start":{"line":84,"column":13},"end":{"line":84,"column":44}},"33":{"start":{"line":85,"column":2},"end":{"line":85,"column":28}},"34":{"start":{"line":89,"column":13},"end":{"line":89,"column":29}},"35":{"start":{"line":90,"column":31},"end":{"line":90,"column":50}},"36":{"start":{"line":91,"column":15},"end":{"line":91,"column":42}},"37":{"start":{"line":91,"column":35},"end":{"line":91,"column":41}},"38":{"start":{"line":93,"column":2},"end":{"line":99,"column":5}},"39":{"start":{"line":95,"column":6},"end":{"line":95,"column":56}},"40":{"start":{"line":97,"column":6},"end":{"line":97,"column":85}},"41":{"start":{"line":105,"column":13},"end":{"line":105,"column":29}},"42":{"start":{"line":106,"column":31},"end":{"line":106,"column":50}},"43":{"start":{"line":108,"column":2},"end":{"line":129,"column":5}},"44":{"start":{"line":116,"column":30},"end":{"line":121,"column":17}},"45":{"start":{"line":122,"column":6},"end":{"line":122,"column":48}},"46":{"start":{"line":122,"column":17},"end":{"line":122,"column":48}},"47":{"start":{"line":123,"column":6},"end":{"line":123,"column":32}},"48":{"start":{"line":126,"column":6},"end":{"line":126,"column":85}},"49":{"start":{"line":127,"column":6},"end":{"line":127,"column":65}},"50":{"start":{"line":135,"column":13},"end":{"line":135,"column":29}},"51":{"start":{"line":136,"column":31},"end":{"line":136,"column":50}},"52":{"start":{"line":138,"column":2},"end":{"line":146,"column":5}},"53":{"start":{"line":140,"column":24},"end":{"line":140,"column":81}},"54":{"start":{"line":141,"column":6},"end":{"line":141,"column":48}},"55":{"start":{"line":141,"column":17},"end":{"line":141,"column":48}},"56":{"start":{"line":144,"column":6},"end":{"line":144,"column":85}},"57":{"start":{"line":152,"column":26},"end":{"line":158,"column":45}},"58":{"start":{"line":160,"column":2},"end":{"line":160,"column":44}},"59":{"start":{"line":160,"column":13},"end":{"line":160,"column":44}},"60":{"start":{"line":161,"column":2},"end":{"line":161,"column":42}},"61":{"start":{"line":165,"column":2},"end":{"line":170,"column":5}},"62":{"start":{"line":167,"column":19},"end":{"line":167,"column":41}},"63":{"start":{"line":176,"column":13},"end":{"line":176,"column":29}},"64":{"start":{"line":177,"column":31},"end":{"line":177,"column":50}},"65":{"start":{"line":178,"column":15},"end":{"line":178,"column":42}},"66":{"start":{"line":178,"column":35},"end":{"line":178,"column":41}},"67":{"start":{"line":180,"column":2},"end":{"line":208,"column":5}},"68":{"start":{"line":188,"column":30},"end":{"line":199,"column":17}},"69":{"start":{"line":201,"column":6},"end":{"line":201,"column":48}},"70":{"start":{"line":201,"column":17},"end":{"line":201,"column":48}},"71":{"start":{"line":202,"column":6},"end":{"line":202,"column":36}},"72":{"start":{"line":205,"column":6},"end":{"line":205,"column":75}},"73":{"start":{"line":206,"column":6},"end":{"line":206,"column":85}},"74":{"start":{"line":214,"column":13},"end":{"line":214,"column":29}},"75":{"start":{"line":215,"column":31},"end":{"line":215,"column":50}},"76":{"start":{"line":216,"column":15},"end":{"line":216,"column":42}},"77":{"start":{"line":216,"column":35},"end":{"line":216,"column":41}},"78":{"start":{"line":218,"column":2},"end":{"line":250,"column":5}},"79":{"start":{"line":227,"column":22},"end":{"line":237,"column":12}},"80":{"start":{"line":239,"column":24},"end":{"line":242,"column":25}},"81":{"start":{"line":244,"column":6},"end":{"line":244,"column":48}},"82":{"start":{"line":244,"column":17},"end":{"line":244,"column":48}},"83":{"start":{"line":247,"column":6},"end":{"line":247,"column":75}},"84":{"start":{"line":248,"column":6},"end":{"line":248,"column":85}},"85":{"start":{"line":256,"column":13},"end":{"line":256,"column":29}},"86":{"start":{"line":258,"column":2},"end":{"line":280,"column":5}},"87":{"start":{"line":267,"column":30},"end":{"line":272,"column":17}},"88":{"start":{"line":274,"column":6},"end":{"line":274,"column":48}},"89":{"start":{"line":274,"column":17},"end":{"line":274,"column":48}},"90":{"start":{"line":275,"column":6},"end":{"line":275,"column":36}},"91":{"start":{"line":278,"column":6},"end":{"line":278,"column":75}},"92":{"start":{"line":286,"column":13},"end":{"line":286,"column":29}},"93":{"start":{"line":287,"column":31},"end":{"line":287,"column":50}},"94":{"start":{"line":289,"column":2},"end":{"line":302,"column":5}},"95":{"start":{"line":291,"column":24},"end":{"line":294,"column":25}},"96":{"start":{"line":296,"column":6},"end":{"line":296,"column":48}},"97":{"start":{"line":296,"column":17},"end":{"line":296,"column":48}},"98":{"start":{"line":299,"column":6},"end":{"line":299,"column":75}},"99":{"start":{"line":300,"column":6},"end":{"line":300,"column":85}}},"fnMap":{"0":{"name":"(anonymous_0)","decl":{"start":{"line":16,"column":15},"end":{"line":16,"column":16}},"loc":{"start":{"line":16,"column":40},"end":{"line":16,"column":71}}},"1":{"name":"(anonymous_1)","decl":{"start":{"line":17,"column":8},"end":{"line":17,"column":9}},"loc":{"start":{"line":17,"column":24},"end":{"line":17,"column":56}}},"2":{"name":"(anonymous_2)","decl":{"start":{"line":18,"column":9},"end":{"line":18,"column":10}},"loc":{"start":{"line":18,"column":29},"end":{"line":18,"column":64}}},"3":{"name":"fetchLists","decl":{"start":{"line":23,"column":15},"end":{"line":23,"column":25}},"loc":{"start":{"line":23,"column":45},"end":{"line":33,"column":1}}},"4":{"name":"useLists","decl":{"start":{"line":35,"column":16},"end":{"line":35,"column":24}},"loc":{"start":{"line":35,"column":24},"end":{"line":44,"column":1}}},"5":{"name":"(anonymous_5)","decl":{"start":{"line":40,"column":13},"end":{"line":40,"column":16}},"loc":{"start":{"line":40,"column":19},"end":{"line":40,"column":51}}},"6":{"name":"useListById","decl":{"start":{"line":48,"column":16},"end":{"line":48,"column":27}},"loc":{"start":{"line":48,"column":38},"end":{"line":62,"column":1}}},"7":{"name":"(anonymous_7)","decl":{"start":{"line":51,"column":13},"end":{"line":51,"column":18}},"loc":{"start":{"line":51,"column":24},"end":{"line":59,"column":5}}},"8":{"name":"createList","decl":{"start":{"line":66,"column":15},"end":{"line":66,"column":25}},"loc":{"start":{"line":69,"column":16},"end":{"line":86,"column":1}}},"9":{"name":"useCreateList","decl":{"start":{"line":88,"column":16},"end":{"line":88,"column":29}},"loc":{"start":{"line":88,"column":29},"end":{"line":100,"column":1}}},"10":{"name":"(anonymous_10)","decl":{"start":{"line":91,"column":28},"end":{"line":91,"column":29}},"loc":{"start":{"line":91,"column":35},"end":{"line":91,"column":41}}},"11":{"name":"(anonymous_11)","decl":{"start":{"line":94,"column":16},"end":{"line":94,"column":17}},"loc":{"start":{"line":95,"column":6},"end":{"line":95,"column":56}}},"12":{"name":"(anonymous_12)","decl":{"start":{"line":96,"column":15},"end":{"line":96,"column":18}},"loc":{"start":{"line":96,"column":20},"end":{"line":98,"column":5}}},"13":{"name":"useUpdateList","decl":{"start":{"line":104,"column":16},"end":{"line":104,"column":29}},"loc":{"start":{"line":104,"column":29},"end":{"line":130,"column":1}}},"14":{"name":"(anonymous_14)","decl":{"start":{"line":109,"column":16},"end":{"line":109,"column":21}},"loc":{"start":{"line":115,"column":9},"end":{"line":124,"column":5}}},"15":{"name":"(anonymous_15)","decl":{"start":{"line":125,"column":15},"end":{"line":125,"column":16}},"loc":{"start":{"line":125,"column":24},"end":{"line":128,"column":5}}},"16":{"name":"useDeleteList","decl":{"start":{"line":134,"column":16},"end":{"line":134,"column":29}},"loc":{"start":{"line":134,"column":29},"end":{"line":147,"column":1}}},"17":{"name":"(anonymous_17)","decl":{"start":{"line":139,"column":16},"end":{"line":139,"column":21}},"loc":{"start":{"line":139,"column":37},"end":{"line":142,"column":5}}},"18":{"name":"(anonymous_18)","decl":{"start":{"line":143,"column":15},"end":{"line":143,"column":18}},"loc":{"start":{"line":143,"column":20},"end":{"line":145,"column":5}}},"19":{"name":"fetchListItems","decl":{"start":{"line":151,"column":15},"end":{"line":151,"column":29}},"loc":{"start":{"line":151,"column":44},"end":{"line":162,"column":1}}},"20":{"name":"useListItems","decl":{"start":{"line":164,"column":16},"end":{"line":164,"column":28}},"loc":{"start":{"line":164,"column":43},"end":{"line":171,"column":1}}},"21":{"name":"(anonymous_21)","decl":{"start":{"line":167,"column":13},"end":{"line":167,"column":16}},"loc":{"start":{"line":167,"column":19},"end":{"line":167,"column":41}}},"22":{"name":"useAddListItem","decl":{"start":{"line":175,"column":16},"end":{"line":175,"column":30}},"loc":{"start":{"line":175,"column":30},"end":{"line":209,"column":1}}},"23":{"name":"(anonymous_23)","decl":{"start":{"line":178,"column":28},"end":{"line":178,"column":29}},"loc":{"start":{"line":178,"column":35},"end":{"line":178,"column":41}}},"24":{"name":"(anonymous_24)","decl":{"start":{"line":181,"column":16},"end":{"line":181,"column":21}},"loc":{"start":{"line":187,"column":9},"end":{"line":203,"column":5}}},"25":{"name":"(anonymous_25)","decl":{"start":{"line":204,"column":15},"end":{"line":204,"column":16}},"loc":{"start":{"line":204,"column":32},"end":{"line":207,"column":5}}},"26":{"name":"useToggleListItem","decl":{"start":{"line":213,"column":16},"end":{"line":213,"column":33}},"loc":{"start":{"line":213,"column":33},"end":{"line":251,"column":1}}},"27":{"name":"(anonymous_27)","decl":{"start":{"line":216,"column":28},"end":{"line":216,"column":29}},"loc":{"start":{"line":216,"column":35},"end":{"line":216,"column":41}}},"28":{"name":"(anonymous_28)","decl":{"start":{"line":219,"column":16},"end":{"line":219,"column":21}},"loc":{"start":{"line":226,"column":9},"end":{"line":245,"column":5}}},"29":{"name":"(anonymous_29)","decl":{"start":{"line":246,"column":15},"end":{"line":246,"column":16}},"loc":{"start":{"line":246,"column":32},"end":{"line":249,"column":5}}},"30":{"name":"useUpdateListItem","decl":{"start":{"line":255,"column":16},"end":{"line":255,"column":33}},"loc":{"start":{"line":255,"column":33},"end":{"line":281,"column":1}}},"31":{"name":"(anonymous_31)","decl":{"start":{"line":259,"column":16},"end":{"line":259,"column":21}},"loc":{"start":{"line":266,"column":9},"end":{"line":276,"column":5}}},"32":{"name":"(anonymous_32)","decl":{"start":{"line":277,"column":15},"end":{"line":277,"column":16}},"loc":{"start":{"line":277,"column":32},"end":{"line":279,"column":5}}},"33":{"name":"useDeleteListItem","decl":{"start":{"line":285,"column":16},"end":{"line":285,"column":33}},"loc":{"start":{"line":285,"column":33},"end":{"line":303,"column":1}}},"34":{"name":"(anonymous_34)","decl":{"start":{"line":290,"column":16},"end":{"line":290,"column":21}},"loc":{"start":{"line":290,"column":73},"end":{"line":297,"column":5}}},"35":{"name":"(anonymous_35)","decl":{"start":{"line":298,"column":15},"end":{"line":298,"column":16}},"loc":{"start":{"line":298,"column":32},"end":{"line":301,"column":5}}}},"branchMap":{"0":{"loc":{"start":{"line":31,"column":2},"end":{"line":31,"column":44}},"type":"if","locations":[{"start":{"line":31,"column":2},"end":{"line":31,"column":44}}]},"1":{"loc":{"start":{"line":32,"column":10},"end":{"line":32,"column":37}},"type":"binary-expr","locations":[{"start":{"line":32,"column":10},"end":{"line":32,"column":31}},{"start":{"line":32,"column":35},"end":{"line":32,"column":37}}]},"2":{"loc":{"start":{"line":39,"column":35},"end":{"line":39,"column":61}},"type":"binary-expr","locations":[{"start":{"line":39,"column":35},"end":{"line":39,"column":55}},{"start":{"line":39,"column":59},"end":{"line":39,"column":61}}]},"3":{"loc":{"start":{"line":57,"column":6},"end":{"line":57,"column":48}},"type":"if","locations":[{"start":{"line":57,"column":6},"end":{"line":57,"column":48}}]},"4":{"loc":{"start":{"line":76,"column":12},"end":{"line":76,"column":31}},"type":"binary-expr","locations":[{"start":{"line":76,"column":12},"end":{"line":76,"column":23}},{"start":{"line":76,"column":27},"end":{"line":76,"column":31}}]},"5":{"loc":{"start":{"line":77,"column":13},"end":{"line":77,"column":33}},"type":"binary-expr","locations":[{"start":{"line":77,"column":13},"end":{"line":77,"column":25}},{"start":{"line":77,"column":29},"end":{"line":77,"column":33}}]},"6":{"loc":{"start":{"line":84,"column":2},"end":{"line":84,"column":44}},"type":"if","locations":[{"start":{"line":84,"column":2},"end":{"line":84,"column":44}}]},"7":{"loc":{"start":{"line":122,"column":6},"end":{"line":122,"column":48}},"type":"if","locations":[{"start":{"line":122,"column":6},"end":{"line":122,"column":48}}]},"8":{"loc":{"start":{"line":141,"column":6},"end":{"line":141,"column":48}},"type":"if","locations":[{"start":{"line":141,"column":6},"end":{"line":141,"column":48}}]},"9":{"loc":{"start":{"line":160,"column":2},"end":{"line":160,"column":44}},"type":"if","locations":[{"start":{"line":160,"column":2},"end":{"line":160,"column":44}}]},"10":{"loc":{"start":{"line":161,"column":10},"end":{"line":161,"column":41}},"type":"binary-expr","locations":[{"start":{"line":161,"column":10},"end":{"line":161,"column":35}},{"start":{"line":161,"column":39},"end":{"line":161,"column":41}}]},"11":{"loc":{"start":{"line":193,"column":20},"end":{"line":193,"column":43}},"type":"binary-expr","locations":[{"start":{"line":193,"column":20},"end":{"line":193,"column":35}},{"start":{"line":193,"column":39},"end":{"line":193,"column":43}}]},"12":{"loc":{"start":{"line":194,"column":20},"end":{"line":194,"column":43}},"type":"binary-expr","locations":[{"start":{"line":194,"column":20},"end":{"line":194,"column":35}},{"start":{"line":194,"column":39},"end":{"line":194,"column":43}}]},"13":{"loc":{"start":{"line":195,"column":23},"end":{"line":195,"column":49}},"type":"binary-expr","locations":[{"start":{"line":195,"column":23},"end":{"line":195,"column":41}},{"start":{"line":195,"column":45},"end":{"line":195,"column":49}}]},"14":{"loc":{"start":{"line":201,"column":6},"end":{"line":201,"column":48}},"type":"if","locations":[{"start":{"line":201,"column":6},"end":{"line":201,"column":48}}]},"15":{"loc":{"start":{"line":227,"column":22},"end":{"line":237,"column":12}},"type":"cond-expr","locations":[{"start":{"line":228,"column":10},"end":{"line":232,"column":null}},{"start":{"line":233,"column":10},"end":{"line":237,"column":12}}]},"16":{"loc":{"start":{"line":244,"column":6},"end":{"line":244,"column":48}},"type":"if","locations":[{"start":{"line":244,"column":6},"end":{"line":244,"column":48}}]},"17":{"loc":{"start":{"line":274,"column":6},"end":{"line":274,"column":48}},"type":"if","locations":[{"start":{"line":274,"column":6},"end":{"line":274,"column":48}}]},"18":{"loc":{"start":{"line":296,"column":6},"end":{"line":296,"column":48}},"type":"if","locations":[{"start":{"line":296,"column":6},"end":{"line":296,"column":48}}]}},"s":{"0":0,"1":0,"2":0,"3":0,"4":0,"5":0,"6":0,"7":0,"8":0,"9":0,"10":0,"11":0,"12":0,"13":0,"14":0,"15":0,"16":0,"17":0,"18":0,"19":0,"20":0,"21":0,"22":0,"23":0,"24":0,"25":0,"26":0,"27":0,"28":0,"29":0,"30":0,"31":0,"32":0,"33":0,"34":0,"35":0,"36":0,"37":0,"38":0,"39":0,"40":0,"41":0,"42":0,"43":0,"44":0,"45":0,"46":0,"47":0,"48":0,"49":0,"50":0,"51":0,"52":0,"53":0,"54":0,"55":0,"56":0,"57":0,"58":0,"59":0,"60":0,"61":0,"62":0,"63":0,"64":0,"65":0,"66":0,"67":0,"68":0,"69":0,"70":0,"71":0,"72":0,"73":0,"74":0,"75":0,"76":0,"77":0,"78":0,"79":0,"80":0,"81":0,"82":0,"83":0,"84":0,"85":0,"86":0,"87":0,"88":0,"89":0,"90":0,"91":0,"92":0,"93":0,"94":0,"95":0,"96":0,"97":0,"98":0,"99":0},"f":{"0":0,"1":0,"2":0,"3":0,"4":0,"5":0,"6":0,"7":0,"8":0,"9":0,"10":0,"11":0,"12":0,"13":0,"14":0,"15":0,"16":0,"17":0,"18":0,"19":0,"20":0,"21":0,"22":0,"23":0,"24":0,"25":0,"26":0,"27":0,"28":0,"29":0,"30":0,"31":0,"32":0,"33":0,"34":0,"35":0},"b":{"0":[0],"1":[0,0],"2":[0,0],"3":[0],"4":[0,0],"5":[0,0],"6":[0],"7":[0],"8":[0],"9":[0],"10":[0,0],"11":[0,0],"12":[0,0],"13":[0,0],"14":[0],"15":[0,0],"16":[0],"17":[0],"18":[0]}}
,"/Users/ouss/Keurzen/apps/mobile/src/lib/queries/meals.ts": {"path":"/Users/ouss/Keurzen/apps/mobile/src/lib/queries/meals.ts","statementMap":{"0":{"start":{"line":49,"column":0},"end":{"line":49,"column":16}},"1":{"start":{"line":62,"column":0},"end":{"line":62,"column":16}},"2":{"start":{"line":139,"column":0},"end":{"line":139,"column":16}},"3":{"start":{"line":179,"column":0},"end":{"line":179,"column":16}},"4":{"start":{"line":216,"column":0},"end":{"line":216,"column":16}},"5":{"start":{"line":1,"column":0},"end":{"line":1,"column":78}},"6":{"start":{"line":2,"column":0},"end":{"line":2,"column":46}},"7":{"start":{"line":3,"column":0},"end":{"line":3,"column":65}},"8":{"start":{"line":4,"column":0},"end":{"line":4,"column":55}},"9":{"start":{"line":5,"column":0},"end":{"line":5,"column":35}},"10":{"start":{"line":6,"column":0},"end":{"line":6,"column":35}},"11":{"start":{"line":15,"column":13},"end":{"line":20,"column":2}},"12":{"start":{"line":18,"column":4},"end":{"line":18,"column":54}},"13":{"start":{"line":19,"column":36},"end":{"line":19,"column":78}},"14":{"start":{"line":28,"column":18},"end":{"line":28,"column":37}},"15":{"start":{"line":29,"column":2},"end":{"line":29,"column":41}},"16":{"start":{"line":30,"column":21},"end":{"line":30,"column":56}},"17":{"start":{"line":32,"column":26},"end":{"line":43,"column":44}},"18":{"start":{"line":45,"column":2},"end":{"line":45,"column":44}},"19":{"start":{"line":45,"column":13},"end":{"line":45,"column":44}},"20":{"start":{"line":46,"column":2},"end":{"line":46,"column":40}},"21":{"start":{"line":50,"column":31},"end":{"line":50,"column":50}},"22":{"start":{"line":52,"column":2},"end":{"line":57,"column":5}},"23":{"start":{"line":54,"column":19},"end":{"line":54,"column":65}},"24":{"start":{"line":63,"column":13},"end":{"line":63,"column":29}},"25":{"start":{"line":64,"column":31},"end":{"line":64,"column":50}},"26":{"start":{"line":65,"column":15},"end":{"line":65,"column":42}},"27":{"start":{"line":65,"column":35},"end":{"line":65,"column":41}},"28":{"start":{"line":67,"column":2},"end":{"line":134,"column":5}},"29":{"start":{"line":69,"column":26},"end":{"line":69,"column":46}},"30":{"start":{"line":70,"column":21},"end":{"line":70,"column":29}},"31":{"start":{"line":73,"column":49},"end":{"line":77,"column":17}},"32":{"start":{"line":78,"column":6},"end":{"line":78,"column":56}},"33":{"start":{"line":78,"column":21},"end":{"line":78,"column":56}},"34":{"start":{"line":81,"column":45},"end":{"line":98,"column":17}},"35":{"start":{"line":99,"column":6},"end":{"line":99,"column":52}},"36":{"start":{"line":99,"column":19},"end":{"line":99,"column":52}},"37":{"start":{"line":102,"column":45},"end":{"line":115,"column":17}},"38":{"start":{"line":116,"column":6},"end":{"line":116,"column":52}},"39":{"start":{"line":116,"column":19},"end":{"line":116,"column":52}},"40":{"start":{"line":119,"column":6},"end":{"line":124,"column":8}},"41":{"start":{"line":126,"column":6},"end":{"line":126,"column":34}},"42":{"start":{"line":129,"column":26},"end":{"line":129,"column":46}},"43":{"start":{"line":130,"column":6},"end":{"line":130,"column":55}},"44":{"start":{"line":131,"column":6},"end":{"line":131,"column":76}},"45":{"start":{"line":132,"column":6},"end":{"line":132,"column":76}},"46":{"start":{"line":140,"column":13},"end":{"line":140,"column":29}},"47":{"start":{"line":141,"column":31},"end":{"line":141,"column":50}},"48":{"start":{"line":143,"column":2},"end":{"line":174,"column":5}},"49":{"start":{"line":151,"column":33},"end":{"line":154,"column":21}},"50":{"start":{"line":155,"column":6},"end":{"line":155,"column":52}},"51":{"start":{"line":155,"column":19},"end":{"line":155,"column":52}},"52":{"start":{"line":157,"column":6},"end":{"line":167,"column":7}},"53":{"start":{"line":158,"column":31},"end":{"line":162,"column":19}},"54":{"start":{"line":164,"column":8},"end":{"line":166,"column":9}},"55":{"start":{"line":165,"column":10},"end":{"line":165,"column":65}},"56":{"start":{"line":170,"column":26},"end":{"line":170,"column":46}},"57":{"start":{"line":171,"column":6},"end":{"line":171,"column":55}},"58":{"start":{"line":172,"column":6},"end":{"line":172,"column":76}},"59":{"start":{"line":180,"column":31},"end":{"line":180,"column":50}},"60":{"start":{"line":182,"column":2},"end":{"line":204,"column":5}},"61":{"start":{"line":185,"column":20},"end":{"line":185,"column":30}},"62":{"start":{"line":186,"column":6},"end":{"line":186,"column":48}},"63":{"start":{"line":187,"column":23},"end":{"line":187,"column":56}},"64":{"start":{"line":189,"column":30},"end":{"line":197,"column":44}},"65":{"start":{"line":199,"column":6},"end":{"line":199,"column":48}},"66":{"start":{"line":199,"column":17},"end":{"line":199,"column":48}},"67":{"start":{"line":200,"column":6},"end":{"line":200,"column":44}},"68":{"start":{"line":217,"column":13},"end":{"line":217,"column":29}},"69":{"start":{"line":218,"column":31},"end":{"line":218,"column":50}},"70":{"start":{"line":219,"column":15},"end":{"line":219,"column":42}},"71":{"start":{"line":219,"column":35},"end":{"line":219,"column":41}},"72":{"start":{"line":221,"column":2},"end":{"line":337,"column":5}},"73":{"start":{"line":223,"column":26},"end":{"line":223,"column":46}},"74":{"start":{"line":224,"column":21},"end":{"line":224,"column":29}},"75":{"start":{"line":227,"column":47},"end":{"line":232,"column":36}},"76":{"start":{"line":234,"column":6},"end":{"line":234,"column":54}},"77":{"start":{"line":234,"column":20},"end":{"line":234,"column":54}},"78":{"start":{"line":235,"column":6},"end":{"line":235,"column":99}},"79":{"start":{"line":235,"column":40},"end":{"line":235,"column":99}},"80":{"start":{"line":238,"column":24},"end":{"line":238,"column":67}},"81":{"start":{"line":238,"column":53},"end":{"line":238,"column":64}},"82":{"start":{"line":239,"column":51},"end":{"line":245,"column":35}},"83":{"start":{"line":247,"column":6},"end":{"line":247,"column":52}},"84":{"start":{"line":247,"column":19},"end":{"line":247,"column":52}},"85":{"start":{"line":250,"column":35},"end":{"line":253,"column":28}},"86":{"start":{"line":255,"column":32},"end":{"line":256,"column":null}},"87":{"start":{"line":256,"column":72},"end":{"line":256,"column":90}},"88":{"start":{"line":260,"column":25},"end":{"line":260,"column":null}},"89":{"start":{"line":265,"column":6},"end":{"line":293,"column":7}},"90":{"start":{"line":266,"column":32},"end":{"line":266,"column":74}},"91":{"start":{"line":267,"column":22},"end":{"line":267,"column":53}},"92":{"start":{"line":269,"column":34},"end":{"line":270,"column":null}},"93":{"start":{"line":270,"column":41},"end":{"line":270,"column":72}},"94":{"start":{"line":273,"column":8},"end":{"line":292,"column":9}},"95":{"start":{"line":274,"column":23},"end":{"line":274,"column":67}},"96":{"start":{"line":275,"column":10},"end":{"line":275,"column":29}},"97":{"start":{"line":275,"column":20},"end":{"line":275,"column":29}},"98":{"start":{"line":276,"column":10},"end":{"line":276,"column":87}},"99":{"start":{"line":276,"column":78},"end":{"line":276,"column":87}},"100":{"start":{"line":278,"column":22},"end":{"line":278,"column":66}},"101":{"start":{"line":279,"column":27},"end":{"line":279,"column":46}},"102":{"start":{"line":280,"column":31},"end":{"line":280,"column":75}},"103":{"start":{"line":282,"column":10},"end":{"line":291,"column":11}},"104":{"start":{"line":283,"column":12},"end":{"line":283,"column":45}},"105":{"start":{"line":285,"column":12},"end":{"line":290,"column":15}},"106":{"start":{"line":298,"column":6},"end":{"line":313,"column":7}},"107":{"start":{"line":299,"column":8},"end":{"line":299,"column":87}},"108":{"start":{"line":301,"column":50},"end":{"line":310,"column":19}},"109":{"start":{"line":311,"column":8},"end":{"line":311,"column":54}},"110":{"start":{"line":311,"column":21},"end":{"line":311,"column":54}},"111":{"start":{"line":312,"column":8},"end":{"line":312,"column":28}},"112":{"start":{"line":316,"column":24},"end":{"line":323,"column":9}},"113":{"start":{"line":316,"column":71},"end":{"line":323,"column":8}},"114":{"start":{"line":325,"column":6},"end":{"line":330,"column":7}},"115":{"start":{"line":326,"column":37},"end":{"line":328,"column":28}},"116":{"start":{"line":329,"column":8},"end":{"line":329,"column":58}},"117":{"start":{"line":329,"column":23},"end":{"line":329,"column":58}},"118":{"start":{"line":332,"column":6},"end":{"line":332,"column":20}},"119":{"start":{"line":335,"column":6},"end":{"line":335,"column":85}},"120":{"start":{"line":347,"column":34},"end":{"line":354,"column":13}},"121":{"start":{"line":356,"column":2},"end":{"line":358,"column":3}},"122":{"start":{"line":357,"column":4},"end":{"line":357,"column":31}},"123":{"start":{"line":360,"column":35},"end":{"line":369,"column":13}},"124":{"start":{"line":370,"column":2},"end":{"line":370,"column":44}},"125":{"start":{"line":370,"column":13},"end":{"line":370,"column":44}},"126":{"start":{"line":371,"column":2},"end":{"line":371,"column":20}},"127":{"start":{"line":382,"column":31},"end":{"line":388,"column":30}},"128":{"start":{"line":390,"column":2},"end":{"line":390,"column":53}},"129":{"start":{"line":390,"column":46},"end":{"line":390,"column":53}},"130":{"start":{"line":392,"column":27},"end":{"line":396,"column":13}},"131":{"start":{"line":398,"column":16},"end":{"line":398,"column":50}},"132":{"start":{"line":399,"column":17},"end":{"line":399,"column":67}},"133":{"start":{"line":401,"column":16},"end":{"line":414,"column":6}},"134":{"start":{"line":402,"column":20},"end":{"line":402,"column":59}},"135":{"start":{"line":404,"column":19},"end":{"line":404,"column":99}},"136":{"start":{"line":405,"column":19},"end":{"line":405,"column":63}},"137":{"start":{"line":406,"column":6},"end":{"line":413,"column":8}},"138":{"start":{"line":416,"column":2},"end":{"line":418,"column":3}},"139":{"start":{"line":417,"column":4},"end":{"line":417,"column":59}}},"fnMap":{"0":{"name":"(anonymous_0)","decl":{"start":{"line":17,"column":8},"end":{"line":17,"column":9}},"loc":{"start":{"line":18,"column":4},"end":{"line":18,"column":54}}},"1":{"name":"(anonymous_1)","decl":{"start":{"line":19,"column":11},"end":{"line":19,"column":12}},"loc":{"start":{"line":19,"column":36},"end":{"line":19,"column":78}}},"2":{"name":"fetchMealPlan","decl":{"start":{"line":24,"column":15},"end":{"line":24,"column":28}},"loc":{"start":{"line":26,"column":19},"end":{"line":47,"column":1}}},"3":{"name":"useMealPlan","decl":{"start":{"line":49,"column":16},"end":{"line":49,"column":27}},"loc":{"start":{"line":49,"column":45},"end":{"line":58,"column":1}}},"4":{"name":"(anonymous_4)","decl":{"start":{"line":54,"column":13},"end":{"line":54,"column":16}},"loc":{"start":{"line":54,"column":19},"end":{"line":54,"column":65}}},"5":{"name":"useCreateMealPlanItem","decl":{"start":{"line":62,"column":16},"end":{"line":62,"column":37}},"loc":{"start":{"line":62,"column":37},"end":{"line":135,"column":1}}},"6":{"name":"(anonymous_6)","decl":{"start":{"line":65,"column":28},"end":{"line":65,"column":29}},"loc":{"start":{"line":65,"column":35},"end":{"line":65,"column":41}}},"7":{"name":"(anonymous_7)","decl":{"start":{"line":68,"column":16},"end":{"line":68,"column":21}},"loc":{"start":{"line":68,"column":53},"end":{"line":127,"column":5}}},"8":{"name":"(anonymous_8)","decl":{"start":{"line":128,"column":15},"end":{"line":128,"column":18}},"loc":{"start":{"line":128,"column":20},"end":{"line":133,"column":5}}},"9":{"name":"useDeleteMealPlanItem","decl":{"start":{"line":139,"column":16},"end":{"line":139,"column":37}},"loc":{"start":{"line":139,"column":37},"end":{"line":175,"column":1}}},"10":{"name":"(anonymous_10)","decl":{"start":{"line":144,"column":16},"end":{"line":144,"column":21}},"loc":{"start":{"line":150,"column":9},"end":{"line":168,"column":5}}},"11":{"name":"(anonymous_11)","decl":{"sta
[...]
ne":77,"column":38}},{"start":{"line":77,"column":42},"end":{"line":77,"column":44}}]},"5":{"loc":{"start":{"line":77,"column":46},"end":{"line":77,"column":72}},"type":"binary-expr","locations":[{"start":{"line":77,"column":46},"end":{"line":77,"column":66}},{"start":{"line":77,"column":70},"end":{"line":77,"column":72}}]},"6":{"loc":{"start":{"line":87,"column":6},"end":{"line":87,"column":48}},"type":"if","locations":[{"start":{"line":87,"column":6},"end":{"line":87,"column":48}}]},"7":{"loc":{"start":{"line":88,"column":14},"end":{"line":88,"column":39}},"type":"binary-expr","locations":[{"start":{"line":88,"column":14},"end":{"line":88,"column":33}},{"start":{"line":88,"column":37},"end":{"line":88,"column":39}}]},"8":{"loc":{"start":{"line":90,"column":13},"end":{"line":90,"column":49}},"type":"binary-expr","locations":[{"start":{"line":90,"column":13},"end":{"line":90,"column":23}},{"start":{"line":90,"column":27},"end":{"line":90,"column":49}}]},"9":{"loc":{"start":{"line":122,"column":6},"end":{"line":122,"column":48}},"type":"if","locations":[{"start":{"line":122,"column":6},"end":{"line":122,"column":48}}]},"10":{"loc":{"start":{"line":152,"column":6},"end":{"line":152,"column":48}},"type":"if","locations":[{"start":{"line":152,"column":6},"end":{"line":152,"column":48}}]},"11":{"loc":{"start":{"line":153,"column":23},"end":{"line":153,"column":48}},"type":"binary-expr","locations":[{"start":{"line":153,"column":23},"end":{"line":153,"column":42}},{"start":{"line":153,"column":46},"end":{"line":153,"column":48}}]},"12":{"loc":{"start":{"line":158,"column":6},"end":{"line":158,"column":32}},"type":"if","locations":[{"start":{"line":158,"column":6},"end":{"line":158,"column":32}}]},"13":{"loc":{"start":{"line":159,"column":6},"end":{"line":159,"column":88}},"type":"if","locations":[{"start":{"line":159,"column":6},"end":{"line":159,"column":88}}]},"14":{"loc":{"start":{"line":164,"column":13},"end":{"line":164,"column":49}},"type":"binary-expr","locations":[{"start":{"line":164,"column":13},"end":{"line":164,"column":23}},{"start":{"line":164,"column":27},"end":{"line":164,"column":49}}]}},"s":{"0":0,"1":0,"2":0,"3":0,"4":0,"5":0,"6":0,"7":0,"8":0,"9":0,"10":0,"11":0,"12":0,"13":0,"14":0,"15":0,"16":0,"17":0,"18":0,"19":0,"20":0,"21":0,"22":0,"23":0,"24":0,"25":0,"26":0,"27":0,"28":0,"29":0,"30":0,"31":0,"32":0,"33":0,"34":0,"35":0,"36":0,"37":0,"38":0,"39":0,"40":0,"41":0,"42":0,"43":0,"44":0,"45":0,"46":0,"47":0,"48":0,"49":0,"50":0,"51":0,"52":0,"53":0,"54":0,"55":0,"56":0,"57":0,"58":0,"59":0,"60":0,"61":0,"62":0,"63":0,"64":0,"65":0,"66":0,"67":0,"68":0,"69":0},"f":{"0":0,"1":0,"2":0,"3":0,"4":0,"5":0,"6":0,"7":0,"8":0,"9":0,"10":0,"11":0,"12":0,"13":0,"14":0,"15":0,"16":0},"b":{"0":[0,0],"1":[0],"2":[0,0],"3":[0],"4":[0,0],"5":[0,0],"6":[0],"7":[0,0],"8":[0,0],"9":[0],"10":[0],"11":[0,0],"12":[0],"13":[0],"14":[0,0]}}
,"/Users/ouss/Keurzen/apps/mobile/src/lib/queries/weekly-stats.ts": {"path":"/Users/ouss/Keurzen/apps/mobile/src/lib/queries/weekly-stats.ts","statementMap":{"0":{"start":{"line":27,"column":0},"end":{"line":27,"column":16}},"1":{"start":{"line":52,"column":0},"end":{"line":52,"column":16}},"2":{"start":{"line":76,"column":0},"end":{"line":76,"column":16}},"3":{"start":{"line":134,"column":0},"end":{"line":134,"column":16}},"4":{"start":{"line":1,"column":0},"end":{"line":1,"column":49}},"5":{"start":{"line":2,"column":0},"end":{"line":2,"column":46}},"6":{"start":{"line":3,"column":0},"end":{"line":3,"column":65}},"7":{"start":{"line":5,"column":0},"end":{"line":5,"column":48}},"8":{"start":{"line":6,"column":0},"end":{"line":6,"column":26}},"9":{"start":{"line":7,"column":0},"end":{"line":7,"column":43}},"10":{"start":{"line":9,"column":0},"end":{"line":9,"column":22}},"11":{"start":{"line":13,"column":13},"end":{"line":13,"column":40}},"12":{"start":{"line":14,"column":13},"end":{"line":14,"column":34}},"13":{"start":{"line":15,"column":13},"end":{"line":15,"column":37}},"14":{"start":{"line":19,"column":13},"end":{"line":23,"column":2}},"15":{"start":{"line":20,"column":36},"end":{"line":20,"column":85}},"16":{"start":{"line":21,"column":36},"end":{"line":21,"column":85}},"17":{"start":{"line":22,"column":35},"end":{"line":22,"column":67}},"18":{"start":{"line":28,"column":31},"end":{"line":28,"column":50}},"19":{"start":{"line":30,"column":2},"end":{"line":47,"column":5}},"20":{"start":{"line":33,"column":24},"end":{"line":33,"column":71}},"21":{"start":{"line":35,"column":30},"end":{"line":40,"column":51}},"22":{"start":{"line":42,"column":6},"end":{"line":42,"column":48}},"23":{"start":{"line":42,"column":17},"end":{"line":42,"column":48}},"24":{"start":{"line":43,"column":6},"end":{"line":43,"column":42}},"25":{"start":{"line":53,"column":31},"end":{"line":53,"column":50}},"26":{"start":{"line":55,"column":2},"end":{"line":71,"column":5}},"27":{"start":{"line":58,"column":30},"end":{"line":64,"column":18}},"28":{"start":{"line":66,"column":6},"end":{"line":66,"column":48}},"29":{"start":{"line":66,"column":17},"end":{"line":66,"column":48}},"30":{"start":{"line":67,"column":6},"end":{"line":67,"column":37}},"31":{"start":{"line":82,"column":2},"end":{"line":84,"column":3}},"32":{"start":{"line":83,"column":4},"end":{"line":83,"column":22}},"33":{"start":{"line":86,"column":19},"end":{"line":86,"column":34}},"34":{"start":{"line":87,"column":2},"end":{"line":87,"column":65}},"35":{"start":{"line":87,"column":45},"end":{"line":87,"column":65}},"36":{"start":{"line":88,"column":2},"end":{"line":88,"column":54}},"37":{"start":{"line":88,"column":39},"end":{"line":88,"column":54}},"38":{"start":{"line":89,"column":2},"end":{"line":89,"column":20}},"39":{"start":{"line":111,"column":31},"end":{"line":111,"column":50}},"40":{"start":{"line":112,"column":20},"end":{"line":112,"column":67}},"41":{"start":{"line":113,"column":18},"end":{"line":113,"column":79}},"42":{"start":{"line":115,"column":2},"end":{"line":131,"column":5}},"43":{"start":{"line":118,"column":37},"end":{"line":124,"column":36}},"44":{"start":{"line":126,"column":6},"end":{"line":126,"column":48}},"45":{"start":{"line":126,"column":17},"end":{"line":126,"column":48}},"46":{"start":{"line":127,"column":6},"end":{"line":127,"column":25}},"47":{"start":{"line":135,"column":56},"end":{"line":135,"column":77}},"48":{"start":{"line":136,"column":67},"end":{"line":136,"column":93}},"49":{"start":{"line":137,"column":40},"end":{"line":137,"column":59}},"50":{"start":{"line":140,"column":2},"end":{"line":156,"column":3}},"51":{"start":{"line":141,"column":37},"end":{"line":154,"column":6}},"52":{"start":{"line":142,"column":22},"end":{"line":142,"column":75}},"53":{"start":{"line":142,"column":51},"end":{"line":142,"column":74}},"54":{"start":{"line":143,"column":6},"end":{"line":153,"column":8}},"55":{"start":{"line":155,"column":4},"end":{"line":155,"column":48}},"56":{"start":{"line":159,"column":21},"end":{"line":159,"column":41}},"57":{"start":{"line":160,"column":2},"end":{"line":162,"column":3}},"58":{"start":{"line":161,"column":4},"end":{"line":161,"column":71}},"59":{"start":{"line":164,"column":22},"end":{"line":164,"column":98}},"60":{"start":{"line":165,"column":2},"end":{"line":177,"column":3}},"61":{"start":{"line":166,"column":4},"end":{"line":166,"column":33}},"62":{"start":{"line":166,"column":24},"end":{"line":166,"column":33}},"63":{"start":{"line":167,"column":21},"end":{"line":167,"column":51}},"64":{"start":{"line":168,"column":4},"end":{"line":176,"column":5}},"65":{"start":{"line":169,"column":6},"end":{"line":169,"column":23}},"66":{"start":{"line":171,"column":6},"end":{"line":175,"column":9}},"67":{"start":{"line":179,"column":24},"end":{"line":179,"column":93}},"68":{"start":{"line":179,"column":76},"end":{"line":179,"column":89}},"69":{"start":{"line":180,"column":20},"end":{"line":180,"column":71}},"70":{"start":{"line":181,"column":24},"end":{"line":181,"column":57}},"71":{"start":{"line":183,"column":35},"end":{"line":197,"column":4}},"72":{"start":{"line":184,"column":20},"end":{"line":184,"column":70}},"73":{"start":{"line":184,"column":49},"end":{"line":184,"column":69}},"74":{"start":{"line":185,"column":23},"end":{"line":185,"column":73}},"75":{"start":{"line":186,"column":4},"end":{"line":196,"column":6}},"76":{"start":{"line":199,"column":2},"end":{"line":199,"column":54}},"77":{"start":{"line":199,"column":25},"end":{"line":199,"column":52}},"78":{"start":{"line":201,"column":2},"end":{"line":201,"column":65}}},"fnMap":{"0":{"name":"(anonymous_1)","decl":{"start":{"line":20,"column":11},"end":{"line":20,"column":12}},"loc":{"start":{"line":20,"column":36},"end":{"line":20,"column":85}}},"1":{"name":"(anonymous_2)","decl":{"start":{"line":21,"column":11},"end":{"line":21,"column":12}},"loc":{"start":{"line":21,"column":36},"end":{"line":21,"column":85}}},"2":{"name":"(anonymous_3)","decl":{"start":{"line":22,"column":10},"end":{"line":22,"column":11}},"loc":{"start":{"line":22,"column":35},"end":{"line":22,"column":67}}},"3":{"name":"useCurrentWeekStats","decl":{"start":{"line":27,"column":16},"end":{"line":27,"column":35}},"loc":{"start":{"line":27,"column":35},"end":{"line":48,"column":1}}},"4":{"name":"(anonymous_5)","decl":{"start":{"line":32,"column":13},"end":{"line":32,"column":18}},"loc":{"start":{"line":32,"column":24},"end":{"line":44,"column":5}}},"5":{"name":"useAlerts","decl":{"start":{"line":52,"column":16},"end":{"line":52,"column":25}},"loc":{"start":{"line":52,"column":25},"end":{"line":72,"column":1}}},"6":{"name":"(anonymous_7)","decl":{"start":{"line":57,"column":13},"end":{"line":57,"column":18}},"loc":{"start":{"line":57,"column":24},"end":{"line":68,"column":5}}},"7":{"name":"computeImbalanceLevel","decl":{"start":{"line":76,"column":16},"end":{"line":76,"column":37}},"loc":{"start":{"line":79,"column":22},"end":{"line":90,"column":1}}},"8":{"name":"useWeeklyBalanceFallback","decl":{"start":{"line":110,"column":9},"end":{"line":110,"column":33}},"loc":{"start":{"line":110,"column":33},"end":{"line":132,"column":1}}},"9":{"name":"(anonymous_10)","decl":{"start":{"line":117,"column":13},"end":{"line":117,"column":18}},"loc":{"start":{"line":117,"column":24},"end":{"line":128,"column":5}}},"10":{"name":"useWeeklyBalance","decl":{"start":{"line":134,"column":16},"end":{"line":134,"column":32}},"loc":{"start":{"line":134,"column":32},"end":{"line":202,"column":1}}},"11":{"name":"(anonymous_12)","decl":{"start":{"line":141,"column":47},"end":{"line":141,"column":48}},"loc":{"start":{"line":141,"column":53},"end":{"line":154,"column":5}}},"12":{"name":"(anonymous_13)","decl":{"start":{"line":142,"column":44},"end":{"line":142,"column":45}},"loc":{"start":{"line":142,"column":51},"end":{"line":142,"column":74}}},"13":{"name":"(anonymous_14)","decl":{"start":{"line":179,"column":64},"end":{"line":179,"column":65}},"loc":{"start":{"line":179,"column":76},"end":{"line":179,"column":89}}},"14":{"name":"(anonymous_15)","decl":{"start":{"line":183,"column":73},"end":{"line":183,"column":74}},"loc":{"start":{"line":183,"column":92},"end":{"line":197,"column":3}}},"15":{"name":"(anonymous_16)","decl":{"start":{"line":184,"column":42},"end":{"line":184,"column":43}},"loc":{"start":{"line":184,"column":49},"end":{"line":184,"column":69}}},"16":{"name":"(anonymous_17)","decl":{"start":{"line":199,"column":15},"end":{"line":199,"column":16}},"loc":{"start":{"line":199,"column":25},"end":{"line":199,"column":52}}}},"branchMap":{"0":{"loc":{"start":{"line":31,"column":38},"end":{"line":31,"column":64}},"type":"binary-expr","locations":[{"start":{"line":31,"column":38},"end":{"line":31,"column":58}},{"start":{"line":31,"column":62},"end":{"line":31,"column":64}}]},"1":{"loc":{"start":{"line":42,"column":6},"end":{"line":42,"column":48}},"type":"if","locations":[{"start":{"line":42,"column":6},"end":{"line":42,"column":48}}]},"2":{"loc":{"start":{"line":43,"column":14},"end":{"line":43,"column":41}},"type":"binary-expr","locations":[{"start":{"line":43,"column":14},"end":{"line":43,"column":35}},{"start":{"line":43,"column":39},"end":{"line":43,"column":41}}]},"3":{"loc":{"start":{"line":56,"column":37},"end":{"line":56,"column":63}},"type":"binary-expr","locations":[{"start":{"line":56,"column":37},"end":{"line":56,"column":57}},{"start":{"line":56,"column":61},"end":{"line":56,"column":63}}]},"4":{"loc":{"start":{"line":66,"column":6},"end":{"line":66,"column":48}},"type":"if","locations":[{"start":{"line":66,"column":6},"end":{"line":66,"column":48}}]},"5":{"loc":{"start":{"line":67,"column":14},"end":{"line":67,"column":36}},"type":"binary-expr","locations":[{"start":{"line":67,"column":14},"end":{"line":67,"column":30}},{"start":{"line":67,"column":34},"end":{"line":67,"column":36}}]},"6":{"loc":{"start":{"line":82,"column":2},"end":{"line":84,"column":3}},"type":"if","locations":[{"start":{"line":82,"column":2},"end":{"line":84,"column":3}}]},"7":{"loc":{"start":{"line":82,"column":6},"end":{"line":82,"column":72}},"type":"binary-expr","locations":[{"start":{"line":82,"column":6},"end":{"line":82,"column":35}},{"start":{"line":82,"column":39},"end":{"line":82,"column":72}}]},"8":{"loc":{"start":{"line":87,"column":2},"end":{"line":87,"column":65}},"type":"if","locations":[{"start":{"line":87,"column":2},"end":{"line":87,"column":65}}]},"9":{"loc":{"start":{"line":88,"column":2},"end":{"line":88,"column":54}},"type":"if","locations":[{"start":{"line":88,"column":2},"end":{"line":88,"column":54}}]},"10":{"loc":{"start":{"line":116,"column":42},"end":{"line":116,"column":68}},"type":"binary-expr","locations":[{"start":{"line":116,"column":42},"end":{"line":116,"column":62}},{"start":{"line":116,"column":66},"end":{"line":116,"column":68}}]},"11":{"loc":{"start":{"line":126,"column":6},"end":{"line":126,"column":48}},"type":"if","locations":[{"start":{"line":126,"column":6},"end":{"line":126,"column":48}}]},"12":{"loc":{"start":{"line":127,"column":13},"end":{"line":127,"column":24}},"type":"binary-expr","locations":[{"start":{"line":127,"column":13},"end":{"line":127,"column":18}},{"start":{"line":127,"column":22},"end":{"line":127,"column":24}}]},"13":{"loc":{"start":{"line":135,"column":16},"end":{"line":135,"column":26}},"type":"default-arg","locations":[{"start":{"line":135,"column":24},"end":{"line":135,"column":26}}]},"14":{"loc":{"start":{"line":136,"column":16},"end":{"line":136,"column":34}},"type":"default-arg","locations":[{"start":{"line":136,"column":32},"end":{"line":136,"column":34}}]},"15":{"loc":{"start":{"line":140,"column":2},"end":{"line":156,"column":3}},"type":"if","locations":[{"start":{"line":140,"column":2},"end":{"line":156,"column":3}}]},"16":{"loc":{"start":{"line":145,"column":14},"end":{"line":145,"column":46}},"type":"binary-expr","locations":[{"start":{"line":145,"column":14},"end":{"line":145,"column":34}},{"start":{"line":145,"column":38},"end":{"line":145,"column":46}}]},"17":{"loc":{"start":{"line":146,"column":15},"end":{"line":146,"column":45}},"type":"binary-expr","locations":[{"start":{"line":146,"column":15},"end":{"line":146,"column":29}},{"start":{"line":146,"column":33},"end":{"line":146,"column":45}}]},"18":{"loc":{"start":{"line":147,"column":19},"end":{"line":147,"column":48}},"type":"binary-expr","locations":[{"start":{"line":147,"column":19},"end":{"line":147,"column":40}},{"start":{"line":147,"column":44},"end":{"line":147,"column":48}}]},"19":{"loc":{"start":{"line":160,"column":2},"end":{"line":162,"column":3}},"type":"if","locations":[{"start":{"line":160,"column":2},"end":{"line":162,"column":3}}]},"20":{"loc":{"start":{"line":161,"column":37},"end":{"line":161,"column":68}},"type":"binary-expr","locations":[{"start":{"line":161,"column":37},"end":{"line":161,"column":49}},{"start":{"line":161,"column":53},"end":{"line":161,"column":68}}]},"21":{"loc":{"start":{"line":166,"column":4},"end":{"line":166,"column":33}},"type":"if","locations":[{"start":{"line":166,"column":4},"end":{"line":166,"column":33}}]},"22":{"loc":{"start":{"line":168,"column":4},"end":{"line":176,"column":5}},"type":"if","locations":[{"start":{"line":168,"column":4},"end":{"line":176,"column":5}},{"start":{"line":170,"column":11},"end":{"line":176,"column":5}}]},"23":{"loc":{"start":{"line":173,"column":15},"end":{"line":173,"column":64}},"type":"binary-expr","locations":[{"start":{"line":173,"column":15},"end":{"line":173,"column":52}},{"start":{"line":173,"column":56},"end":{"line":173,"column":64}}]},"24":{"loc":{"start":{"line":174,"column":20},"end":{"line":174,"column":66}},"type":"binary-expr","locations":[{"start":{"line":174,"column":20},"end":{"line":174,"column":58}},{"start":{"line":174,"column":62},"end":{"line":174,"column":66}}]},"25":{"loc":{"start":{"line":181,"column":24},"end":{"line":181,"column":57}},"type":"cond-expr","locations":[{"start":{"line":181,"column":40},"end":{"line":181,"column":53}},{"start":{"line":181,"column":56},"end":{"line":181,"column":57}}]},"26":{"loc":{"start":{"line":185,"column":23},"end":{"line":185,"column":73}},"type":"cond-expr","locations":[{"start":{"line":185,"column":43},"end":{"line":185,"column":69}},{"start":{"line":185,"column":72},"end":{"line":185,"column":73}}]},"27":{"loc":{"start":{"line":189,"column":13},"end":{"line":189,"column":43}},"type":"binary-expr","locations":[{"start":{"line":189,"column":13},"end":{"line":189,"column":27}},{"start":{"line":189,"column":31},"end":{"line":189,"column":43}}]},"28":{"loc":{"start":{"line":201,"column":31},"end":{"line":201,"column":62}},"type":"binary-expr","locations":[{"start":{"line":201,"column":31},"end":{"line":201,"column":43}},{"start":{"line":201,"column":47},"end":{"line":201,"column":62}}]}},"s":{"0":0,"1":0,"2":0,"3":0,"4":0,"5":0,"6":0,"7":0,"8":0,"9":0,"10":0,"11":0,"12":0,"13":0,"14":0,"15":0,"16":0,"17":0,"18":0,"19":0,"20":0,"21":0,"22":0,"23":0,"24":0,"25":0,"26":0,"27":0,"28":0,"29":0,"30":0,"31":0,"32":0,"33":0,"34":0,"35":0,"36":0,"37":0,"38":0,"39":0,"40":0,"41":0,"42":0,"43":0,"44":0,"45":0,"46":0,"47":0,"48":0,"49":0,"50":0,"51":0,"52":0,"53":0,"54":0,"55":0,"56":0,"57":0,"58":0,"59":0,"60":0,"61":0,"62":0,"63":0,"64":0,"65":0,"66":0,"67":0,"68":0,"69":0,"70":0,"71":0,"72":0,"73":0,"74":0,"75":0,"76":0,"77":0,"78":0},"f":{"0":0,"1":0,"2":0,"3":0,"4":0,"5":0,"6":0,"7":0,"8":0,"9":0,"10":0,"11":0,"12":0,"13":0,"14":0,"15":0,"16":0},"b":{"0":[0,0],"1":[0],"2":[0,0],"3":[0,0],"4":[0],"5":[0,0],"6":[0],"7":[0,0],"8":[0],"9":[0],"10":[0,0],"11":[0],"12":[0,0],"13":[0],"14":[0],"15":[0],"16":[0,0],"17":[0,0],"18":[0,0],"19":[0],"20":[0,0],"21":[0],"22":[0,0],"23":[0,0],"24":[0,0],"25":[0,0],"26":[0,0],"27":[0,0],"28":[0,0]}}
,"/Users/ouss/Keurzen/apps/mobile/src/utils/validation.ts": {"path":"/Users/ouss/Keurzen/apps/mobile/src/utils/validation.ts","statementMap":{"0":{"start":{"line":1,"column":0},"end":{"line":1,"column":24}},"1":{"start":{"line":5,"column":13},"end":{"line":8,"column":3}},"2":{"start":{"line":10,"column":13},"end":{"line":12,"column":3}},"3":{"start":{"line":16,"column":13},"end":{"line":32,"column":3}},"4":{"start":{"line":36,"column":21},"end":{"line":36,"column":47}},"5":{"start":{"line":38,"column":13},"end":{"line":45,"column":3}},"6":{"start":{"line":49,"column":13},"end":{"line":61,"column":3}},"7":{"start":{"line":53,"column":19},"end":{"line":53,"column":61}},"8":{"start":{"line":65,"column":13},"end":{"line":67,"column":3}},"9":{"start":{"line":69,"column":13},"end":{"line":71,"column":3}}},"fnMap":{"0":{"name":"(anonymous_0)","decl":{"start":{"line":53,"column":12},"end":{"line":53,"column":13}},"loc":{"start":{"line":53,"column":19},"end":{"line":53,"column":61}}}},"branchMap":{"0":{"loc":{"start":{"line":53,"column":19},"end":{"line":53,"column":61}},"type":"binary-expr","locations":[{"start":{"line":53,"column":19},"end":{"line":53,"column":40}},{"start":{"line":53,"column":44},"end":{"line":53,"column":61}}]}},"s":{"0":0,"1":0,"2":0,"3":0,"4":0,"5":0,"6":0,"7":0,"8":0,"9":0},"f":{"0":0},"b":{"0":[0,0]}}
}
