TN:
SF:src/lib/queries/budget.ts
FN:9,(anonymous_1)
FN:10,(anonymous_2)
FN:13,useBudgetExpenses
FN:19,(anonymous_4)
FN:38,useCreateExpense
FN:44,(anonymous_6)
FN:63,(anonymous_7)
FN:69,useDeleteExpense
FN:75,(anonymous_9)
FN:79,(anonymous_10)
FN:96,useBudgetSummary
FN:101,(anonymous_12)
FN:103,(anonymous_13)
FN:105,(anonymous_14)
FN:106,(anonymous_15)
FNF:15
FNH:0
FNDA:0,(anonymous_1)
FNDA:0,(anonymous_2)
FNDA:0,useBudgetExpenses
FNDA:0,(anonymous_4)
FNDA:0,useCreateExpense
FNDA:0,(anonymous_6)
FNDA:0,(anonymous_7)
FNDA:0,useDeleteExpense
FNDA:0,(anonymous_9)
FNDA:0,(anonymous_10)
FNDA:0,useBudgetSummary
FNDA:0,(anonymous_12)
FNDA:0,(anonymous_13)
FNDA:0,(anonymous_14)
FNDA:0,(anonymous_15)
DA:1,0
DA:2,0
DA:4,0
DA:6,0
DA:8,0
DA:9,0
DA:10,0
DA:13,0
DA:14,0
DA:15,0
DA:17,0
DA:20,0
DA:21,0
DA:23,0
DA:31,0
DA:32,0
DA:38,0
DA:39,0
DA:40,0
DA:41,0
DA:43,0
DA:45,0
DA:47,0
DA:60,0
DA:61,0
DA:64,0
DA:69,0
DA:70,0
DA:71,0
DA:72,0
DA:74,0
DA:76,0
DA:77,0
DA:80,0
DA:96,0
DA:97,0
DA:98,0
DA:99,0
DA:101,0
DA:103,0
DA:104,0
DA:105,0
DA:106,0
DA:108,0
DA:118,0
LF:45
LH:0
BRDA:15,0,0,0
BRDA:15,0,1,0
BRDA:18,1,0,0
BRDA:18,1,1,0
BRDA:31,2,0,0
BRDA:32,3,0,0
BRDA:32,3,1,0
BRDA:54,4,0,0
BRDA:54,4,1,0
BRDA:60,5,0,0
BRDA:77,6,0,0
BRDA:98,7,0,0
BRDA:110,8,0,0
BRDA:110,8,1,0
BRDA:111,9,0,0
BRDA:111,9,1,0
BRDA:114,10,0,0
BRDA:114,10,1,0
BRF:18
BRH:0
end_of_record
TN:
SF:src/lib/queries/household.ts
FN:15,(anonymous_0)
FN:16,(anonymous_1)
FN:17,(anonymous_2)
FN:22,useMyHousehold
FN:28,(anonymous_4)
FN:67,useHouseholdMembers
FN:70,(anonymous_6)
FN:90,useUpdateMemberProfile
FN:96,(anonymous_8)
FN:117,(anonymous_9)
FN:135,useCreateHousehold
FN:141,(anonymous_11)
FN:174,(anonymous_12)
FN:183,useJoinHousehold
FN:189,(anonymous_14)
FN:214,(anonymous_15)
FN:216,(anonymous_16)
FN:240,(anonymous_17)
FN:249,usePendingInvitations
FN:252,(anonymous_19)
FN:271,useSendEmailInvitation
FN:277,(anonymous_21)
FN:317,(anonymous_22)
FN:323,(anonymous_23)
FN:331,useCreateInvitation
FN:337,(anonymous_25)
FN:362,(anonymous_26)
FN:372,useJoinByToken
FN:378,(anonymous_28)
FN:404,(anonymous_29)
FN:424,useInvitePreview
FN:427,(anonymous_31)
FN:440,useRevokeInvitation
FN:445,(anonymous_33)
FN:451,(anonymous_34)
FNF:35
FNH:0
FNDA:0,(anonymous_0)
FNDA:0,(anonymous_1)
FNDA:0,(anonymous_2)
FNDA:0,useMyHousehold
FNDA:0,(anonymous_4)
FNDA:0,useHouseholdMembers
FNDA:0,(anonymous_6)
FNDA:0,useUpdateMemberProfile
FNDA:0,(anonymous_8)
FNDA:0,(anonymous_9)
FNDA:0,useCreateHousehold
FNDA:0,(anonymous_11)
FNDA:0,(anonymous_12)
FNDA:0,useJoinHousehold
FNDA:0,(anonymous_14)
FNDA:0,(anonymous_15)
FNDA:0,(anonymous_16)
FNDA:0,(anonymous_17)
FNDA:0,usePendingInvitations
FNDA:0,(anonymous_19)
FNDA:0,useSendEmailInvitation
FNDA:0,(anonymous_21)
FNDA:0,(anonymous_22)
FNDA:0,(anonymous_23)
FNDA:0,useCreateInvitation
FNDA:0,(anonymous_25)
FNDA:0,(anonymous_26)
FNDA:0,useJoinByToken
FNDA:0,(anonymous_28)
FNDA:0,(anonymous_29)
FNDA:0,useInvitePreview
FNDA:0,(anonymous_31)
FNDA:0,useRevokeInvitation
FNDA:0,(anonymous_33)
FNDA:0,(anonymous_34)
DA:1,0
DA:2,0
DA:3,0
DA:4,0
DA:6,0
DA:10,0
DA:14,0
DA:15,0
DA:16,0
DA:17,0
DA:22,0
DA:23,0
DA:24,0
DA:26,0
DA:30,0
DA:38,0
DA:40,0
DA:46,0
DA:48,0
DA:51,0
DA:56,0
DA:58,0
DA:67,0
DA:68,0
DA:71,0
DA:76,0
DA:77,0
DA:90,0
DA:91,0
DA:92,0
DA:93,0
DA:95,0
DA:97,0
DA:98,0
DA:101,0
DA:106,0
DA:109,0
DA:115,0
DA:118,0
DA:121,0
DA:126,0
DA:128,0
DA:135,0
DA:136,0
DA:137,0
DA:138,0
DA:140,0
DA:143,0
DA:149,0
DA:152,0
DA:153,0
DA:160,0
DA:162,0
DA:165,0
DA:170,0
DA:172,0
DA:175,0
DA:176,0
DA:183,0
DA:184,0
DA:185,0
DA:186,0
DA:188,0
DA:192,0
DA:195,0
DA:196,0
DA:199,0
DA:206,0
DA:209,0
DA:214,0
DA:216,0
DA:219,0
DA:226,0
DA:228,0
DA:231,0
DA:236,0
DA:238,0
DA:241,0
DA:242,0
DA:249,0
DA:250,0
DA:253,0
DA:260,0
DA:261,0
DA:271,0
DA:272,0
DA:273,0
DA:274,0
DA:276,0
DA:278,0
DA:279,0
DA:282,0
DA:295,0
DA:300,0
DA:301,0
DA:304,0
DA:314,0
DA:315,0
DA:316,0
DA:317,0
DA:318,0
DA:321,0
DA:324,0
DA:331,0
DA:332,0
DA:333,0
DA:334,0
DA:336,0
DA:344,0
DA:345,0
DA:347,0
DA:359,0
DA:360,0
DA:363,0
DA:372,0
DA:373,0
DA:374,0
DA:375,0
DA:377,0
DA:379,0
DA:383,0
DA:385,0
DA:387,0
DA:388,0
DA:389,0
DA:391,0
DA:392,0
DA:395,0
DA:400,0
DA:402,0
DA:405,0
DA:406,0
DA:424,0
DA:425,0
DA:428,0
DA:431,0
DA:432,0
DA:440,0
DA:441,0
DA:442,0
DA:444,0
DA:446,0
DA:449,0
DA:452,0
LF:144
LH:0
BRDA:27,0,0,0
BRDA:27,0,1,0
BRDA:38,1,0,0
BRDA:38,2,0,0
BRDA:38,2,1,0
BRDA:46,3,0,0
BRDA:46,4,0,0
BRDA:46,4,1,0
BRDA:56,5,0,0
BRDA:69,6,0,0
BRDA:69,6,1,0
BRDA:76,7,0,0
BRDA:77,8,0,0
BRDA:77,8,1,0
BRDA:97,9,0,0
BRDA:98,10,0,0
BRDA:106,11,0,0
BRDA:115,12,0,0
BRDA:118,13,0,0
BRDA:126,14,0,0
BRDA:149,15,0,0
BRDA:160,16,0,0
BRDA:170,17,0,0
BRDA:195,18,0,0
BRDA:195,18,1,0
BRDA:196,19,0,0
BRDA:196,20,0,0
BRDA:196,20,1,0
BRDA:206,21,0,0
BRDA:214,22,0,0
BRDA:214,22,1,0
BRDA:216,23,0,0
BRDA:216,23,1,0
BRDA:226,24,0,0
BRDA:236,25,0,0
BRDA:251,26,0,0
BRDA:251,26,1,0
BRDA:260,27,0,0
BRDA:261,28,0,0
BRDA:261,28,1,0
BRDA:288,29,0,0
BRDA:288,29,1,0
BRDA:295,30,0,0
BRDA:300,31,0,0
BRDA:315,32,0,0
BRDA:316,33,0,0
BRDA:318,34,0,0
BRDA:318,34,1,0
BRDA:339,35,0,0
BRDA:352,36,0,0
BRDA:352,36,1,0
BRDA:359,37,0,0
BRDA:383,38,0,0
BRDA:387,39,0,0
BRDA:388,40,0,0
BRDA:389,41,0,0
BRDA:400,42,0,0
BRDA:402,43,0,0
BRDA:402,43,1,0
BRDA:405,44,0,0
BRDA:431,45,0,0
BRDA:449,46,0,0
BRF:62
BRH:0
end_of_record
TN:
SF:src/lib/queries/invitation-codes.ts
FN:11,(anonymous_0)
FN:29,useGenerateInviteCode
FN:34,(anonymous_2)
FN:41,(anonymous_3)
FN:80,(anonymous_4)
FN:97,useRedeemInviteCode
FN:100,(anonymous_6)
FN:103,(anonymous_7)
FN:118,(anonymous_8)
FN:143,useDeleteInviteCode
FN:148,(anonymous_10)
FN:156,(anonymous_11)
FN:168,useRecentCodes
FN:171,(anonymous_13)
FNF:14
FNH:0
FNDA:0,(anonymous_0)
FNDA:0,useGenerateInviteCode
FNDA:0,(anonymous_2)
FNDA:0,(anonymous_3)
FNDA:0,(anonymous_4)
FNDA:0,useRedeemInviteCode
FNDA:0,(anonymous_6)
FNDA:0,(anonymous_7)
FNDA:0,(anonymous_8)
FNDA:0,useDeleteInviteCode
FNDA:0,(anonymous_10)
FNDA:0,(anonymous_11)
FNDA:0,useRecentCodes
FNDA:0,(anonymous_13)
DA:1,0
DA:2,0
DA:3,0
DA:4,0
DA:6,0
DA:10,0
DA:11,0
DA:29,0
DA:30,0
DA:31,0
DA:33,0
DA:35,0
DA:36,0
DA:37,0
DA:40,0
DA:41,0
DA:43,0
DA:44,0
DA:61,0
DA:63,0
DA:64,0
DA:65,0
DA:67,0
DA:68,0
DA:71,0
DA:73,0
DA:74,0
DA:75,0
DA:77,0
DA:81,0
DA:82,0
DA:97,0
DA:98,0
DA:99,0
DA:100,0
DA:102,0
DA:104,0
DA:108,0
DA:110,0
DA:112,0
DA:113,0
DA:116,0
DA:120,0
DA:123,0
DA:124,0
DA:129,0
DA:130,0
DA:133,0
DA:143,0
DA:144,0
DA:145,0
DA:147,0
DA:149,0
DA:154,0
DA:157,0
DA:158,0
DA:168,0
DA:169,0
DA:172,0
DA:179,0
DA:180,0
LF:61
LH:0
BRDA:36,0,0,0
BRDA:37,1,0,0
BRDA:64,2,0,0
BRDA:64,3,0,0
BRDA:64,3,1,0
BRDA:65,4,0,0
BRDA:65,4,1,0
BRDA:67,5,0,0
BRDA:74,6,0,0
BRDA:74,7,0,0
BRDA:74,7,1,0
BRDA:81,8,0,0
BRDA:108,9,0,0
BRDA:112,10,0,0
BRDA:123,11,0,0
BRDA:129,12,0,0
BRDA:154,13,0,0
BRDA:157,14,0,0
BRDA:170,15,0,0
BRDA:170,15,1,0
BRDA:179,16,0,0
BRF:21
BRH:0
end_of_record
TN:
SF:src/lib/queries/lists.ts
FN:16,(anonymous_0)
FN:17,(anonymous_1)
FN:18,(anonymous_2)
FN:23,fetchLists
FN:35,useLists
FN:40,(anonymous_5)
FN:48,useListById
FN:51,(anonymous_7)
FN:66,createList
FN:88,useCreateList
FN:91,(anonymous_10)
FN:94,(anonymous_11)
FN:96,(anonymous_12)
FN:104,useUpdateList
FN:109,(anonymous_14)
FN:125,(anonymous_15)
FN:134,useDeleteList
FN:139,(anonymous_17)
FN:143,(anonymous_18)
FN:151,fetchListItems
FN:164,useListItems
FN:167,(anonymous_21)
FN:175,useAddListItem
FN:178,(anonymous_23)
FN:181,(anonymous_24)
FN:204,(anonymous_25)
FN:213,useToggleListItem
FN:216,(anonymous_27)
FN:219,(anonymous_28)
FN:246,(anonymous_29)
FN:255,useUpdateListItem
FN:259,(anonymous_31)
FN:277,(anonymous_32)
FN:285,useDeleteListItem
FN:290,(anonymous_34)
FN:298,(anonymous_35)
FNF:36
FNH:0
FNDA:0,(anonymous_0)
FNDA:0,(anonymous_1)
FNDA:0,(anonymous_2)
FNDA:0,fetchLists
FNDA:0,useLists
FNDA:0,(anonymous_5)
FNDA:0,useListById
FNDA:0,(anonymous_7)
FNDA:0,createList
FNDA:0,useCreateList
FNDA:0,(anonymous_10)
FNDA:0,(anonymous_11)
FNDA:0,(anonymous_12)
FNDA:0,useUpdateList
FNDA:0,(anonymous_14)
FNDA:0,(anonymous_15)
FNDA:0,useDeleteList
FNDA:0,(anonymous_17)
FNDA:0,(anonymous_18)
FNDA:0,fetchListItems
FNDA:0,useListItems
FNDA:0,(anonymous_21)
FNDA:0,useAddListItem
FNDA:0,(anonymous_23)
FNDA:0,(anonymous_24)
FNDA:0,(anonymous_25)
FNDA:0,useToggleListItem
FNDA:0,(anonymous_27)
FNDA:0,(anonymous_28)
FNDA:0,(anonymous_29)
FNDA:0,useUpdateListItem
FNDA:0,(anonymous_31)
FNDA:0,(anonymous_32)
FNDA:0,useDeleteListItem
FNDA:0,(anonymous_34)
FNDA:0,(anonymous_35)
DA:1,0
DA:2,0
DA:3,0
DA:4,0
DA:14,0
DA:16,0
DA:17,0
DA:18,0
DA:24,0
DA:31,0
DA:32,0
DA:35,0
DA:36,0
DA:38,0
DA:40,0
DA:48,0
DA:49,0
DA:52,0
DA:57,0
DA:58,0
DA:71,0
DA:84,0
DA:85,0
DA:88,0
DA:89,0
DA:90,0
DA:91,0
DA:93,0
DA:95,0
DA:97,0
DA:104,0
DA:105,0
DA:106,0
DA:108,0
DA:116,0
DA:122,0
DA:123,0
DA:126,0
DA:127,0
DA:134,0
DA:135,0
DA:136,0
DA:138,0
DA:140,0
DA:141,0
DA:144,0
DA:152,0
DA:160,0
DA:161,0
DA:164,0
DA:165,0
DA:167,0
DA:175,0
DA:176,0
DA:177,0
DA:178,0
DA:180,0
DA:188,0
DA:201,0
DA:202,0
DA:205,0
DA:206,0
DA:213,0
DA:214,0
DA:215,0
DA:216,0
DA:218,0
DA:227,0
DA:239,0
DA:244,0
DA:247,0
DA:248,0
DA:255,0
DA:256,0
DA:258,0
DA:267,0
DA:274,0
DA:275,0
DA:278,0
DA:285,0
DA:286,0
DA:287,0
DA:289,0
DA:291,0
DA:296,0
DA:299,0
DA:300,0
LF:87
LH:0
BRDA:31,0,0,0
BRDA:32,1,0,0
BRDA:32,1,1,0
BRDA:39,2,0,0
BRDA:39,2,1,0
BRDA:57,3,0,0
BRDA:76,4,0,0
BRDA:76,4,1,0
BRDA:77,5,0,0
BRDA:77,5,1,0
BRDA:84,6,0,0
BRDA:122,7,0,0
BRDA:141,8,0,0
BRDA:160,9,0,0
BRDA:161,10,0,0
BRDA:161,10,1,0
BRDA:193,11,0,0
BRDA:193,11,1,0
BRDA:194,12,0,0
BRDA:194,12,1,0
BRDA:195,13,0,0
BRDA:195,13,1,0
BRDA:201,14,0,0
BRDA:227,15,0,0
BRDA:227,15,1,0
BRDA:244,16,0,0
BRDA:274,17,0,0
BRDA:296,18,0,0
BRF:28
BRH:0
end_of_record
TN:
SF:src/lib/queries/meals.ts
FN:17,(anonymous_0)
FN:19,(anonymous_1)
FN:24,fetchMealPlan
FN:49,useMealPlan
FN:54,(anonymous_4)
FN:62,useCreateMealPlanItem
FN:65,(anonymous_6)
FN:68,(anonymous_7)
FN:128,(anonymous_8)
FN:139,useDeleteMealPlanItem
FN:144,(anonymous_10)
FN:169,(anonymous_11)
FN:179,useMealHistory
FN:184,(anonymous_13)
FN:216,useGenerateGroceryList
FN:219,(anonymous_15)
FN:222,(anonymous_16)
FN:238,(anonymous_17)
FN:256,(anonymous_18)
FN:270,(anonymous_19)
FN:316,(anonymous_20)
FN:334,(anonymous_21)
FN:342,findOrCreateGroceryList
FN:376,addIngredientsToGroceryList
FN:402,(anonymous_24)
FN:403,(anonymous_25)
FNF:26
FNH:0
FNDA:0,(anonymous_0)
FNDA:0,(anonymous_1)
FNDA:0,fetchMealPlan
FNDA:0,useMealPlan
FNDA:0,(anonymous_4)
FNDA:0,useCreateMealPlanItem
FNDA:0,(anonymous_6)
FNDA:0,(anonymous_7)
FNDA:0,(anonymous_8)
FNDA:0,useDeleteMealPlanItem
FNDA:0,(anonymous_10)
FNDA:0,(anonymous_11)
FNDA:0,useMealHistory
FNDA:0,(anonymous_13)
FNDA:0,useGenerateGroceryList
FNDA:0,(anonymous_15)
FNDA:0,(anonymous_16)
FNDA:0,(anonymous_17)
FNDA:0,(anonymous_18)
FNDA:0,(anonymous_19)
FNDA:0,(anonymous_20)
FNDA:0,(anonymous_21)
FNDA:0,findOrCreateGroceryList
FNDA:0,addIngredientsToGroceryList
FNDA:0,(anonymous_24)
FNDA:0,(anonymous_25)
DA:1,0
DA:2,0
DA:3,0
DA:4,0
DA:5,0
DA:6,0
DA:15,0
DA:18,0
DA:19,0
DA:28,0
DA:29,0
DA:30,0
DA:32,0
DA:45,0
DA:46,0
DA:49,0
DA:50,0
DA:52,0
DA:54,0
DA:62,0
DA:63,0
DA:64,0
DA:65,0
DA:67,0
DA:69,0
DA:70,0
DA:73,0
DA:78,0
DA:81,0
DA:99,0
DA:102,0
DA:116,0
DA:119,0
DA:126,0
DA:129,0
DA:130,0
DA:131,0
DA:132,0
DA:139,0
DA:140,0
DA:141,0
DA:143,0
DA:151,0
DA:155,0
DA:157,0
DA:158,0
DA:164,0
DA:165,0
DA:170,0
DA:171,0
DA:172,0
DA:179,0
DA:180,0
DA:182,0
DA:185,0
DA:186,0
DA:187,0
DA:189,0
DA:199,0
DA:200,0
DA:216,0
DA:217,0
DA:218,0
DA:219,0
DA:221,0
DA:223,0
DA:224,0
DA:227,0
DA:234,0
DA:235,0
DA:238,0
DA:239,0
DA:247,0
DA:250,0
DA:255,0
DA:256,0
DA:260,0
DA:265,0
DA:266,0
DA:267,0
DA:269,0
DA:270,0
DA:273,0
DA:274,0
DA:275,0
DA:276,0
DA:278,0
DA:279,0
DA:280,0
DA:282,0
DA:283,0
DA:285,0
DA:298,0
DA:299,0
DA:301,0
DA:311,0
DA:312,0
DA:316,0
DA:325,0
DA:326,0
DA:329,0
DA:332,0
DA:335,0
DA:347,0
DA:356,0
DA:357,0
DA:360,0
DA:370,0
DA:371,0
DA:382,0
DA:390,0
DA:392,0
DA:398,0
DA:399,0
DA:401,0
DA:402,0
DA:404,0
DA:405,0
DA:406,0
DA:416,0
DA:417,0
LF:121
LH:0
BRDA:45,0,0,0
BRDA:46,1,0,0
BRDA:46,1,1,0
BRDA:53,2,0,0
BRDA:53,2,1,0
BRDA:55,3,0,0
BRDA:55,3,1,0
BRDA:78,4,0,0
BRDA:88,5,0,0
BRDA:88,5,1,0
BRDA:99,6,0,0
BRDA:110,7,0,0
BRDA:110,7,1,0
BRDA:116,8,0,0
BRDA:155,9,0,0
BRDA:157,10,0,0
BRDA:164,11,0,0
BRDA:164,12,0,0
BRDA:164,12,1,0
BRDA:179,13,0,0
BRDA:183,14,0,0
BRDA:183,14,1,0
BRDA:199,15,0,0
BRDA:200,16,0,0
BRDA:200,16,1,0
BRDA:234,17,0,0
BRDA:235,18,0,0
BRDA:235,19,0,0
BRDA:235,19,1,0
BRDA:247,20,0,0
BRDA:256,21,0,0
BRDA:256,21,1,0
BRDA:266,22,0,0
BRDA:266,22,1,0
BRDA:269,23,0,0
BRDA:269,23,1,0
BRDA:275,24,0,0
BRDA:276,25,0,0
BRDA:276,26,0,0
BRDA:276,26,1,0
BRDA:282,27,0,0
BRDA:282,27,1,0
BRDA:298,28,0,0
BRDA:298,28,1,0
BRDA:311,29,0,0
BRDA:325,30,0,0
BRDA:329,31,0,0
BRDA:345,32,0,0
BRDA:356,33,0,0
BRDA:356,34,0,0
BRDA:356,34,1,0
BRDA:370,35,0,0
BRDA:390,36,0,0
BRDA:390,37,0,0
BRDA:390,37,1,0
BRDA:398,38,0,0
BRDA:398,38,1,0
BRDA:416,39,0,0
BRF:58
BRH:0
end_of_record
TN:
SF:src/lib/queries/messaging.ts
FN:10,(anonymous_0)
FN:11,(anonymous_1)
FN:12,(anonymous_2)
FN:17,useConversations
FN:22,(anonymous_4)
FN:32,(anonymous_5)
FN:53,(anonymous_6)
FN:54,(anonymous_7)
FN:84,(anonymous_8)
FN:103,useMessages
FN:106,(anonymous_10)
FN:123,(anonymous_11)
FN:133,useMessagesUnreadCount
FN:138,(anonymous_13)
FN:150,(anonymous_14)
FN:161,(anonymous_15)
FN:171,useSendMessage
FN:176,(anonymous_17)
FN:196,(anonymous_18)
FN:211,(anonymous_19)
FN:219,(anonymous_20)
FN:226,(anonymous_21)
FN:237,useMarkConversationAsRead
FN:242,(anonymous_23)
FN:251,(anonymous_24)
FN:262,useGetOrCreateHouseholdConversation
FN:268,(anonymous_26)
FN:276,(anonymous_27)
FN:286,useCreateDirectConversation
FN:291,(anonymous_29)
FN:299,(anonymous_30)
FNF:31
FNH:0
FNDA:0,(anonymous_0)
FNDA:0,(anonymous_1)
FNDA:0,(anonymous_2)
FNDA:0,useConversations
FNDA:0,(anonymous_4)
FNDA:0,(anonymous_5)
FNDA:0,(anonymous_6)
FNDA:0,(anonymous_7)
FNDA:0,(anonymous_8)
FNDA:0,useMessages
FNDA:0,(anonymous_10)
FNDA:0,(anonymous_11)
FNDA:0,useMessagesUnreadCount
FNDA:0,(anonymous_13)
FNDA:0,(anonymous_14)
FNDA:0,(anonymous_15)
FNDA:0,useSendMessage
FNDA:0,(anonymous_17)
FNDA:0,(anonymous_18)
FNDA:0,(anonymous_19)
FNDA:0,(anonymous_20)
FNDA:0,(anonymous_21)
FNDA:0,useMarkConversationAsRead
FNDA:0,(anonymous_23)
FNDA:0,(anonymous_24)
FNDA:0,useGetOrCreateHouseholdConversation
FNDA:0,(anonymous_26)
FNDA:0,(anonymous_27)
FNDA:0,useCreateDirectConversation
FNDA:0,(anonymous_29)
FNDA:0,(anonymous_30)
DA:1,0
DA:2,0
DA:3,0
DA:4,0
DA:9,0
DA:10,0
DA:11,0
DA:12,0
DA:17,0
DA:18,0
DA:20,0
DA:24,0
DA:29,0
DA:30,0
DA:32,0
DA:35,0
DA:48,0
DA:49,0
DA:52,0
DA:54,0
DA:55,0
DA:58,0
DA:65,0
DA:68,0
DA:75,0
DA:84,0
DA:85,0
DA:86,0
DA:87,0
DA:88,0
DA:89,0
DA:92,0
DA:101,0
DA:103,0
DA:104,0
DA:107,0
DA:114,0
DA:115,0
DA:118,0
DA:119,0
DA:120,0
DA:124,0
DA:125,0
DA:133,0
DA:134,0
DA:136,0
DA:140,0
DA:145,0
DA:146,0
DA:149,0
DA:151,0
DA:157,0
DA:161,0
DA:171,0
DA:172,0
DA:173,0
DA:175,0
DA:183,0
DA:193,0
DA:194,0
DA:198,0
DA:199,0
DA:201,0
DA:203,0
DA:211,0
DA:212,0
DA:213,0
DA:214,0
DA:217,0
DA:221,0
DA:222,0
DA:224,0
DA:227,0
DA:228,0
DA:229,0
DA:237,0
DA:238,0
DA:239,0
DA:241,0
DA:243,0
DA:249,0
DA:252,0
DA:253,0
DA:254,0
DA:262,0
DA:263,0
DA:264,0
DA:265,0
DA:267,0
DA:269,0
DA:273,0
DA:274,0
DA:277,0
DA:278,0
DA:286,0
DA:287,0
DA:288,0
DA:290,0
DA:292,0
DA:296,0
DA:297,0
DA:300,0
DA:301,0
LF:103
LH:0
BRDA:21,0,0,0
BRDA:21,0,1,0
BRDA:29,1,0,0
BRDA:30,2,0,0
BRDA:30,3,0,0
BRDA:30,3,1,0
BRDA:48,4,0,0
BRDA:49,5,0,0
BRDA:55,6,0,0
BRDA:55,6,1,0
BRDA:65,7,0,0
BRDA:65,7,1,0
BRDA:78,8,0,0
BRDA:78,8,1,0
BRDA:85,9,0,0
BRDA:85,10,0,0
BRDA:85,10,1,0
BRDA:86,11,0,0
BRDA:86,12,0,0
BRDA:86,12,1,0
BRDA:87,13,0,0
BRDA:87,13,1,0
BRDA:88,14,0,0
BRDA:88,14,1,0
BRDA:114,15,0,0
BRDA:119,16,0,0
BRDA:120,17,0,0
BRDA:120,17,1,0
BRDA:124,18,0,0
BRDA:125,19,0,0
BRDA:125,19,1,0
BRDA:137,20,0,0
BRDA:137,20,1,0
BRDA:145,21,0,0
BRDA:146,22,0,0
BRDA:146,23,0,0
BRDA:146,23,1,0
BRDA:155,24,0,0
BRDA:155,24,1,0
BRDA:157,25,0,0
BRDA:157,25,1,0
BRDA:193,26,0,0
BRDA:212,27,0,0
BRDA:213,28,0,0
BRDA:213,28,1,0
BRDA:221,29,0,0
BRDA:228,30,0,0
BRDA:249,31,0,0
BRDA:252,32,0,0
BRDA:273,33,0,0
BRDA:277,34,0,0
BRDA:296,35,0,0
BRDA:300,36,0,0
BRF:53
BRH:0
end_of_record
TN:
SF:src/lib/queries/notificationPreferences.ts
FN:9,(anonymous_0)
FN:14,useNotificationPreferences
FN:19,(anonymous_2)
FN:48,useUpdateNotificationPreferences
FN:53,(anonymous_4)
FN:61,(anonymous_5)
FNF:6
FNH:0
FNDA:0,(anonymous_0)
FNDA:0,useNotificationPreferences
FNDA:0,(anonymous_2)
FNDA:0,useUpdateNotificationPreferences
FNDA:0,(anonymous_4)
FNDA:0,(anonymous_5)
DA:1,0
DA:2,0
DA:3,0
DA:8,0
DA:9,0
DA:14,0
DA:15,0
DA:17,0
DA:20,0
DA:26,0
DA:28,0
DA:34,0
DA:35,0
DA:38,0
DA:39,0
DA:48,0
DA:49,0
DA:50,0
DA:52,0
DA:54,0
DA:59,0
DA:62,0
DA:63,0
LF:23
LH:0
BRDA:18,0,0,0
BRDA:18,0,1,0
BRDA:26,1,0,0
BRDA:26,2,0,0
BRDA:26,2,1,0
BRDA:34,3,0,0
BRDA:38,4,0,0
BRDA:59,5,0,0
BRDA:62,6,0,0
BRF:9
BRH:0
end_of_record
TN:
SF:src/lib/queries/notifications.ts
FN:10,(anonymous_0)
FN:11,(anonymous_1)
FN:16,useNotifications
FN:21,(anonymous_3)
FN:39,useUnreadCount
FN:44,(anonymous_5)
FN:62,useMarkAsRead
FN:67,(anonymous_7)
FN:75,(anonymous_8)
FN:86,useMarkAllAsRead
FN:91,(anonymous_10)
FN:100,(anonymous_11)
FNF:12
FNH:0
FNDA:0,(anonymous_0)
FNDA:0,(anonymous_1)
FNDA:0,useNotifications
FNDA:0,(anonymous_3)
FNDA:0,useUnreadCount
FNDA:0,(anonymous_5)
FNDA:0,useMarkAsRead
FNDA:0,(anonymous_7)
FNDA:0,(anonymous_8)
FNDA:0,useMarkAllAsRead
FNDA:0,(anonymous_10)
FNDA:0,(anonymous_11)
DA:1,0
DA:2,0
DA:3,0
DA:9,0
DA:10,0
DA:11,0
DA:16,0
DA:17,0
DA:19,0
DA:22,0
DA:29,0
DA:30,0
DA:39,0
DA:40,0
DA:42,0
DA:45,0
DA:51,0
DA:52,0
DA:62,0
DA:63,0
DA:64,0
DA:66,0
DA:68,0
DA:73,0
DA:76,0
DA:77,0
DA:78,0
DA:86,0
DA:87,0
DA:88,0
DA:90,0
DA:92,0
DA:98,0
DA:101,0
DA:102,0
DA:103,0
LF:36
LH:0
BRDA:20,0,0,0
BRDA:20,0,1,0
BRDA:29,1,0,0
BRDA:30,2,0,0
BRDA:30,2,1,0
BRDA:43,3,0,0
BRDA:43,3,1,0
BRDA:51,4,0,0
BRDA:52,5,0,0
BRDA:52,5,1,0
BRDA:73,6,0,0
BRDA:76,7,0,0
BRDA:98,8,0,0
BRDA:101,9,0,0
BRF:14
BRH:0
end_of_record
TN:
SF:src/lib/queries/objectives.ts
FN:11,(anonymous_1)
FN:14,fetchAndRefreshObjective
FN:32,useWeeklyObjective
FN:38,(anonymous_4)
FNF:4
FNH:0
FNDA:0,(anonymous_1)
FNDA:0,fetchAndRefreshObjective
FNDA:0,useWeeklyObjective
FNDA:0,(anonymous_4)
DA:1,0
DA:2,0
DA:3,0
DA:5,0
DA:6,0
DA:8,0
DA:10,0
DA:11,0
DA:16,0
DA:19,0
DA:21,0
DA:28,0
DA:29,0
DA:32,0
DA:33,0
DA:34,0
DA:36,0
DA:38,0
DA:43,0
DA:46,0
DA:47,0
DA:48,0
DA:49,0
DA:50,0
DA:52,0
DA:53,0
DA:54,0
DA:60,0
DA:61,0
DA:68,0
LF:30
LH:0
BRDA:28,0,0,0
BRDA:34,1,0,0
BRDA:34,1,1,0
BRDA:43,2,0,0
BRDA:43,2,1,0
BRDA:47,3,0,0
BRDA:48,4,0,0
BRDA:48,4,1,0
BRDA:50,5,0,0
BRDA:50,5,1,0
BRDA:50,6,0,0
BRDA:50,6,1,0
BRDA:53,7,0,0
BRDA:60,8,0,0
BRDA:71,9,0,0
BRDA:71,9,1,0
BRF:16
BRH:0
end_of_record
TN:
SF:src/lib/queries/recipes.ts
FN:17,(anonymous_0)
FN:18,(anonymous_1)
FN:19,(anonymous_2)
FN:20,(anonymous_3)
FN:33,fetchRecipes
FN:64,(anonymous_5)
FN:73,(anonymous_6)
FN:74,(anonymous_7)
FN:77,useRecipes
FN:79,(anonymous_9)
FN:83,(anonymous_10)
FN:91,fetchRecipe
FN:116,useRecipe
FN:117,(anonymous_13)
FN:121,(anonymous_14)
FN:128,useCreateRecipe
FN:131,(anonymous_16)
FN:134,(anonymous_17)
FN:159,(anonymous_18)
FN:173,(anonymous_19)
FN:181,useToggleFavorite
FN:183,(anonymous_21)
FN:187,(anonymous_22)
FN:208,(anonymous_23)
FN:218,useFavoriteRecipes
FN:219,(anonymous_25)
FN:224,(anonymous_26)
FN:236,(anonymous_27)
FN:247,useIngredientSearch
FN:250,(anonymous_29)
FNF:30
FNH:0
FNDA:0,(anonymous_0)
FNDA:0,(anonymous_1)
FNDA:0,(anonymous_2)
FNDA:0,(anonymous_3)
FNDA:0,fetchRecipes
FNDA:0,(anonymous_5)
FNDA:0,(anonymous_6)
FNDA:0,(anonymous_7)
FNDA:0,useRecipes
FNDA:0,(anonymous_9)
FNDA:0,(anonymous_10)
FNDA:0,fetchRecipe
FNDA:0,useRecipe
FNDA:0,(anonymous_13)
FNDA:0,(anonymous_14)
FNDA:0,useCreateRecipe
FNDA:0,(anonymous_16)
FNDA:0,(anonymous_17)
FNDA:0,(anonymous_18)
FNDA:0,(anonymous_19)
FNDA:0,useToggleFavorite
FNDA:0,(anonymous_21)
FNDA:0,(anonymous_22)
FNDA:0,(anonymous_23)
FNDA:0,useFavoriteRecipes
FNDA:0,(anonymous_25)
FNDA:0,(anonymous_26)
FNDA:0,(anonymous_27)
FNDA:0,useIngredientSearch
FNDA:0,(anonymous_29)
DA:1,0
DA:2,0
DA:3,0
DA:4,0
DA:15,0
DA:17,0
DA:18,0
DA:19,0
DA:20,0
DA:38,0
DA:44,0
DA:45,0
DA:47,0
DA:48,0
DA:50,0
DA:51,0
DA:53,0
DA:54,0
DA:57,0
DA:58,0
DA:60,0
DA:62,0
DA:63,0
DA:64,0
DA:68,0
DA:73,0
DA:74,0
DA:77,0
DA:78,0
DA:79,0
DA:81,0
DA:83,0
DA:92,0
DA:104,0
DA:106,0
DA:113,0
DA:116,0
DA:117,0
DA:119,0
DA:121,0
DA:128,0
DA:129,0
DA:130,0
DA:131,0
DA:133,0
DA:135,0
DA:153,0
DA:155,0
DA:156,0
DA:159,0
DA:168,0
DA:171,0
DA:174,0
DA:181,0
DA:182,0
DA:183,0
DA:184,0
DA:186,0
DA:194,0
DA:195,0
DA:200,0
DA:202,0
DA:205,0
DA:209,0
DA:210,0
DA:211,0
DA:218,0
DA:219,0
DA:220,0
DA:222,0
DA:225,0
DA:234,0
DA:236,0
DA:247,0
DA:248,0
DA:251,0
DA:258,0
DA:259,0
LF:78
LH:0
BRDA:44,0,0,0
BRDA:47,1,0,0
BRDA:50,2,0,0
BRDA:53,3,0,0
BRDA:53,4,0,0
BRDA:53,4,1,0
BRDA:58,5,0,0
BRDA:60,6,0,0
BRDA:60,6,1,0
BRDA:62,7,0,0
BRDA:73,8,0,0
BRDA:73,8,1,0
BRDA:82,9,0,0
BRDA:82,9,1,0
BRDA:84,10,0,0
BRDA:84,10,1,0
BRDA:104,11,0,0
BRDA:122,12,0,0
BRDA:122,12,1,0
BRDA:140,13,0,0
BRDA:140,13,1,0
BRDA:153,14,0,0
BRDA:155,15,0,0
BRDA:165,16,0,0
BRDA:165,16,1,0
BRDA:168,17,0,0
BRDA:194,18,0,0
BRDA:194,18,1,0
BRDA:200,19,0,0
BRDA:205,20,0,0
BRDA:223,21,0,0
BRDA:223,21,1,0
BRDA:234,22,0,0
BRDA:236,23,0,0
BRDA:236,23,1,0
BRDA:241,24,0,0
BRDA:241,24,1,0
BRDA:258,25,0,0
BRDA:259,26,0,0
BRDA:259,26,1,0
BRF:40
BRH:0
end_of_record
TN:
SF:src/lib/queries/reports.ts
FN:11,(anonymous_0)
FN:16,useWeeklyReport
FN:18,(anonymous_2)
FN:22,(anonymous_3)
FN:43,useRegenerateReport
FN:48,(anonymous_5)
FN:54,(anonymous_6)
FN:85,(anonymous_7)
FN:97,useWeeklyReview
FN:99,(anonymous_9)
FN:104,(anonymous_10)
FN:130,useWeeklyReviewHistory
FN:135,(anonymous_12)
FNF:13
FNH:0
FNDA:0,(anonymous_0)
FNDA:0,useWeeklyReport
FNDA:0,(anonymous_2)
FNDA:0,(anonymous_3)
FNDA:0,useRegenerateReport
FNDA:0,(anonymous_5)
FNDA:0,(anonymous_6)
FNDA:0,(anonymous_7)
FNDA:0,useWeeklyReview
FNDA:0,(anonymous_9)
FNDA:0,(anonymous_10)
FNDA:0,useWeeklyReviewHistory
FNDA:0,(anonymous_12)
DA:1,0
DA:2,0
DA:3,0
DA:4,0
DA:5,0
DA:10,0
DA:11,0
DA:16,0
DA:17,0
DA:18,0
DA:20,0
DA:23,0
DA:30,0
DA:31,0
DA:32,0
DA:34,0
DA:43,0
DA:44,0
DA:45,0
DA:47,0
DA:49,0
DA:50,0
DA:51,0
DA:53,0
DA:54,0
DA:56,0
DA:57,0
DA:70,0
DA:72,0
DA:73,0
DA:74,0
DA:76,0
DA:78,0
DA:79,0
DA:80,0
DA:82,0
DA:86,0
DA:87,0
DA:97,0
DA:98,0
DA:99,0
DA:100,0
DA:102,0
DA:105,0
DA:112,0
DA:113,0
DA:130,0
DA:131,0
DA:133,0
DA:136,0
DA:143,0
DA:144,0
LF:52
LH:0
BRDA:21,0,0,0
BRDA:21,0,1,0
BRDA:30,1,0,0
BRDA:31,2,0,0
BRDA:50,3,0,0
BRDA:51,4,0,0
BRDA:73,5,0,0
BRDA:73,6,0,0
BRDA:73,6,1,0
BRDA:74,7,0,0
BRDA:74,7,1,0
BRDA:79,8,0,0
BRDA:79,9,0,0
BRDA:79,9,1,0
BRDA:86,10,0,0
BRDA:100,11,0,0
BRDA:100,11,1,0
BRDA:103,12,0,0
BRDA:103,12,1,0
BRDA:112,13,0,0
BRDA:130,14,0,0
BRDA:134,15,0,0
BRDA:134,15,1,0
BRDA:143,16,0,0
BRDA:144,17,0,0
BRDA:144,17,1,0
BRF:26
BRH:0
end_of_record
TN:
SF:src/lib/queries/tasks.ts
FN:12,(anonymous_1)
FN:13,(anonymous_2)
FN:14,(anonymous_3)
FN:15,(anonymous_4)
FN:20,fetchTasks
FN:35,useTasks
FN:40,(anonymous_7)
FN:46,useTaskById
FN:49,(anonymous_9)
FN:68,createTask
FN:93,useCreateTask
FN:99,(anonymous_12)
FN:101,(anonymous_13)
FN:109,useUpdateTask
FN:114,(anonymous_15)
FN:124,(anonymous_16)
FN:133,useUpdateTaskStatus
FN:138,(anonymous_18)
FN:157,(anonymous_19)
FN:165,useCompleteTaskWithRating
FN:170,(anonymous_21)
FN:177,(anonymous_22)
FN:188,useDeleteTask
FN:193,(anonymous_24)
FN:197,(anonymous_25)
FN:205,useOverdueTasks
FN:210,(anonymous_27)
FN:217,useTodayTasks
FN:222,(anonymous_29)
FNF:29
FNH:0
FNDA:0,(anonymous_1)
FNDA:0,(anonymous_2)
FNDA:0,(anonymous_3)
FNDA:0,(anonymous_4)
FNDA:0,fetchTasks
FNDA:0,useTasks
FNDA:0,(anonymous_7)
FNDA:0,useTaskById
FNDA:0,(anonymous_9)
FNDA:0,createTask
FNDA:0,useCreateTask
FNDA:0,(anonymous_12)
FNDA:0,(anonymous_13)
FNDA:0,useUpdateTask
FNDA:0,(anonymous_15)
FNDA:0,(anonymous_16)
FNDA:0,useUpdateTaskStatus
FNDA:0,(anonymous_18)
FNDA:0,(anonymous_19)
FNDA:0,useCompleteTaskWithRating
FNDA:0,(anonymous_21)
FNDA:0,(anonymous_22)
FNDA:0,useDeleteTask
FNDA:0,(anonymous_24)
FNDA:0,(anonymous_25)
FNDA:0,useOverdueTasks
FNDA:0,(anonymous_27)
FNDA:0,useTodayTasks
FNDA:0,(anonymous_29)
DA:1,0
DA:2,0
DA:3,0
DA:4,0
DA:6,0
DA:10,0
DA:12,0
DA:13,0
DA:14,0
DA:15,0
DA:21,0
DA:31,0
DA:32,0
DA:35,0
DA:36,0
DA:38,0
DA:40,0
DA:46,0
DA:47,0
DA:50,0
DA:59,0
DA:60,0
DA:73,0
DA:89,0
DA:90,0
DA:93,0
DA:94,0
DA:95,0
DA:96,0
DA:98,0
DA:100,0
DA:102,0
DA:109,0
DA:110,0
DA:111,0
DA:113,0
DA:115,0
DA:121,0
DA:122,0
DA:125,0
DA:126,0
DA:133,0
DA:134,0
DA:135,0
DA:137,0
DA:139,0
DA:144,0
DA:145,0
DA:146,0
DA:147,0
DA:150,0
DA:155,0
DA:158,0
DA:165,0
DA:166,0
DA:167,0
DA:169,0
DA:171,0
DA:175,0
DA:178,0
DA:179,0
DA:181,0
DA:188,0
DA:189,0
DA:190,0
DA:192,0
DA:194,0
DA:195,0
DA:198,0
DA:205,0
DA:206,0
DA:207,0
DA:209,0
DA:211,0
DA:217,0
DA:218,0
DA:219,0
DA:221,0
DA:222,0
LF:79
LH:0
BRDA:31,0,0,0
BRDA:32,1,0,0
BRDA:32,1,1,0
BRDA:39,2,0,0
BRDA:39,2,1,0
BRDA:59,3,0,0
BRDA:80,4,0,0
BRDA:80,4,1,0
BRDA:81,5,0,0
BRDA:81,5,1,0
BRDA:82,6,0,0
BRDA:82,6,1,0
BRDA:83,7,0,0
BRDA:83,7,1,0
BRDA:84,8,0,0
BRDA:84,8,1,0
BRDA:89,9,0,0
BRDA:121,10,0,0
BRDA:144,11,0,0
BRDA:144,11,1,0
BRDA:146,12,0,0
BRDA:155,13,0,0
BRDA:175,14,0,0
BRDA:178,15,0,0
BRDA:195,16,0,0
BRDA:206,17,0,0
BRDA:211,18,0,0
BRDA:211,18,1,0
BRDA:211,18,2,0
BRDA:218,19,0,0
BRDA:222,20,0,0
BRDA:222,20,1,0
BRF:32
BRH:0
end_of_record
TN:
SF:src/lib/queries/tlx.ts
FN:17,computeTlxScore
FN:27,getCurrentWeekStart
FN:31,getPreviousWeekStart
FN:38,(anonymous_4)
FN:39,(anonymous_5)
FN:40,(anonymous_6)
FN:45,useCurrentTlx
FN:51,(anonymous_8)
FN:72,useTlxHistory
FN:78,(anonymous_10)
FN:96,useSubmitTlx
FN:102,(anonymous_12)
FN:125,(anonymous_13)
FN:134,useTlxDelta
FN:140,(anonymous_15)
FN:155,(anonymous_16)
FN:156,(anonymous_17)
FNF:17
FNH:0
FNDA:0,computeTlxScore
FNDA:0,getCurrentWeekStart
FNDA:0,getPreviousWeekStart
FNDA:0,(anonymous_4)
FNDA:0,(anonymous_5)
FNDA:0,(anonymous_6)
FNDA:0,useCurrentTlx
FNDA:0,(anonymous_8)
FNDA:0,useTlxHistory
FNDA:0,(anonymous_10)
FNDA:0,useSubmitTlx
FNDA:0,(anonymous_12)
FNDA:0,(anonymous_13)
FNDA:0,useTlxDelta
FNDA:0,(anonymous_15)
FNDA:0,(anonymous_16)
FNDA:0,(anonymous_17)
DA:1,0
DA:2,0
DA:3,0
DA:4,0
DA:6,0
DA:7,0
DA:9,0
DA:17,0
DA:18,0
DA:19,0
DA:20,0
DA:21,0
DA:27,0
DA:28,0
DA:31,0
DA:32,0
DA:37,0
DA:38,0
DA:39,0
DA:40,0
DA:45,0
DA:46,0
DA:47,0
DA:49,0
DA:52,0
DA:54,0
DA:62,0
DA:63,0
DA:72,0
DA:73,0
DA:74,0
DA:76,0
DA:79,0
DA:87,0
DA:88,0
DA:96,0
DA:97,0
DA:98,0
DA:99,0
DA:101,0
DA:103,0
DA:104,0
DA:107,0
DA:122,0
DA:123,0
DA:126,0
DA:127,0
DA:134,0
DA:135,0
DA:136,0
DA:138,0
DA:141,0
DA:142,0
DA:144,0
DA:152,0
DA:153,0
DA:155,0
DA:156,0
DA:158,0
DA:159,0
DA:161,0
DA:162,0
LF:62
LH:0
BRDA:50,0,0,0
BRDA:50,0,1,0
BRDA:62,1,0,0
BRDA:65,2,0,0
BRDA:65,2,1,0
BRDA:72,3,0,0
BRDA:77,4,0,0
BRDA:77,4,1,0
BRDA:77,5,0,0
BRDA:77,5,1,0
BRDA:87,6,0,0
BRDA:88,7,0,0
BRDA:88,7,1,0
BRDA:90,8,0,0
BRDA:90,8,1,0
BRDA:122,9,0,0
BRDA:152,10,0,0
BRDA:153,11,0,0
BRDA:153,11,1,0
BRDA:158,12,0,0
BRDA:159,13,0,0
BRDA:164,14,0,0
BRDA:164,14,1,0
BRF:23
BRH:0
end_of_record
TN:
SF:src/lib/queries/weekly-stats.ts
FN:20,(anonymous_1)
FN:21,(anonymous_2)
FN:22,(anonymous_3)
FN:27,useCurrentWeekStats
FN:32,(anonymous_5)
FN:52,useAlerts
FN:57,(anonymous_7)
FN:76,computeImbalanceLevel
FN:110,useWeeklyBalanceFallback
FN:117,(anonymous_10)
FN:134,useWeeklyBalance
FN:141,(anonymous_12)
FN:142,(anonymous_13)
FN:179,(anonymous_14)
FN:183,(anonymous_15)
FN:184,(anonymous_16)
FN:199,(anonymous_17)
FNF:17
FNH:0
FNDA:0,(anonymous_1)
FNDA:0,(anonymous_2)
FNDA:0,(anonymous_3)
FNDA:0,useCurrentWeekStats
FNDA:0,(anonymous_5)
FNDA:0,useAlerts
FNDA:0,(anonymous_7)
FNDA:0,computeImbalanceLevel
FNDA:0,useWeeklyBalanceFallback
FNDA:0,(anonymous_10)
FNDA:0,useWeeklyBalance
FNDA:0,(anonymous_12)
FNDA:0,(anonymous_13)
FNDA:0,(anonymous_14)
FNDA:0,(anonymous_15)
FNDA:0,(anonymous_16)
FNDA:0,(anonymous_17)
DA:1,0
DA:2,0
DA:3,0
DA:5,0
DA:6,0
DA:7,0
DA:9,0
DA:13,0
DA:14,0
DA:15,0
DA:19,0
DA:20,0
DA:21,0
DA:22,0
DA:27,0
DA:28,0
DA:30,0
DA:33,0
DA:35,0
DA:42,0
DA:43,0
DA:52,0
DA:53,0
DA:55,0
DA:58,0
DA:66,0
DA:67,0
DA:76,0
DA:82,0
DA:83,0
DA:86,0
DA:87,0
DA:88,0
DA:89,0
DA:111,0
DA:112,0
DA:113,0
DA:115,0
DA:118,0
DA:126,0
DA:127,0
DA:134,0
DA:135,0
DA:136,0
DA:137,0
DA:140,0
DA:141,0
DA:142,0
DA:143,0
DA:155,0
DA:159,0
DA:160,0
DA:161,0
DA:164,0
DA:165,0
DA:166,0
DA:167,0
DA:168,0
DA:169,0
DA:171,0
DA:179,0
DA:180,0
DA:181,0
DA:183,0
DA:184,0
DA:185,0
DA:186,0
DA:199,0
DA:201,0
LF:69
LH:0
BRDA:31,0,0,0
BRDA:31,0,1,0
BRDA:42,1,0,0
BRDA:43,2,0,0
BRDA:43,2,1,0
BRDA:56,3,0,0
BRDA:56,3,1,0
BRDA:66,4,0,0
BRDA:67,5,0,0
BRDA:67,5,1,0
BRDA:82,6,0,0
BRDA:82,7,0,0
BRDA:82,7,1,0
BRDA:87,8,0,0
BRDA:88,9,0,0
BRDA:116,10,0,0
BRDA:116,10,1,0
BRDA:126,11,0,0
BRDA:127,12,0,0
BRDA:127,12,1,0
BRDA:135,13,0,0
BRDA:136,14,0,0
BRDA:140,15,0,0
BRDA:145,16,0,0
BRDA:145,16,1,0
BRDA:146,17,0,0
BRDA:146,17,1,0
BRDA:147,18,0,0
BRDA:147,18,1,0
BRDA:160,19,0,0
BRDA:161,20,0,0
BRDA:161,20,1,0
BRDA:166,21,0,0
BRDA:168,22,0,0
BRDA:168,22,1,0
BRDA:173,23,0,0
BRDA:173,23,1,0
BRDA:174,24,0,0
BRDA:174,24,1,0
BRDA:181,25,0,0
BRDA:181,25,1,0
BRDA:185,26,0,0
BRDA:185,26,1,0
BRDA:189,27,0,0
BRDA:189,27,1,0
BRDA:201,28,0,0
BRDA:201,28,1,0
BRF:47
BRH:0
end_of_record
TN:
SF:src/utils/validation.ts
FN:53,(anonymous_0)
FNF:1
FNH:0
FNDA:0,(anonymous_0)
DA:1,0
DA:5,0
DA:10,0
DA:16,0
DA:36,0
DA:38,0
DA:49,0
DA:53,0
DA:65,0
DA:69,0
LF:10
LH:0
BRDA:53,0,0,0
BRDA:53,0,1,0
BRF:2
BRH:0
end_of_record
